<?xml version="1.0" encoding="UTF-8"?>
<testsuite name="tests.AddContactTest" tests="15" skipped="0" failures="0" errors="0" timestamp="2021-08-12T14:49:11" hostname="WIN-VLIAFR1P8UG" time="372.31">
  <properties/>
  <testcase name="NegativeAddContactWithoutEmail" classname="tests.AddContactTest" time="1.709"/>
  <testcase name="NegativeAddContactWithoutPhone" classname="tests.AddContactTest" time="0.874"/>
  <testcase name="NegativeAddSameContact" classname="tests.AddContactTest" time="1.746"/>
  <testcase name="addContactTestBase" classname="tests.AddContactTest" time="1.387"/>
  <testcase name="addContactTestBase" classname="tests.AddContactTest" time="1.327"/>
  <testcase name="addContactTestBase" classname="tests.AddContactTest" time="1.229"/>
  <testcase name="addContactTestBase" classname="tests.AddContactTest" time="1.199"/>
  <testcase name="addContactTestBase" classname="tests.AddContactTest" time="1.544"/>
  <testcase name="addContactTestBase" classname="tests.AddContactTest" time="1.287"/>
  <testcase name="addContactTestBase" classname="tests.AddContactTest" time="1.474"/>
  <testcase name="addContactTestCSV[0](Contact(name=Mona, lastname=Dow, email=dow2@gmail.com, phone=9877776503, address=Haifa Herzel3, description=university friend))" classname="tests.AddContactTest" time="1.485"/>
  <testcase name="addContactTestCSV[1](Contact(name=Mona, lastname=Dow, email=dow3@gmail.com, phone=9877776665, address=Haifa Herzel3, description=university friend))" classname="tests.AddContactTest" time="1.336"/>
  <testcase name="addContactTestDataProvider[0](Kira, Rozhkova, 1111111111, kira11@gmail.com, Tel Aviv, neighbor)" classname="tests.AddContactTest" time="1.29"/>
  <testcase name="addContactTestDataProvider[1](Kira, Rozhkova, 1111111112, kira12@gmail.com, Tel Aviv, neighbor)" classname="tests.AddContactTest" time="1.416"/>
  <testcase name="addContactTestDataProvider[2](Kira, Rozhkova, 1111111113, kira13@gmail.com, Tel Aviv, neighbor)" classname="tests.AddContactTest" time="1.268"/>
  <system-out><![CDATA[17:48:56 [Test worker] INFO  application.AppManager - Start in browser CHROME
17:48:57 [Test worker] INFO  tests.TestBase - Start method  --> NegativeAddContactWithoutEmail
17:48:57 [Test worker] INFO  application.MyListener - Start find element by -->By.xpath: //*[.='Sign Out']
17:49:07 [Test worker] INFO  application.MyListener - The element -->By.xpath: //*[.='Sign Out']was found
17:49:07 [Test worker] INFO  application.MyListener - Start find element by -->By.xpath: //a[.='LOGIN']
17:49:07 [Test worker] INFO  application.MyListener - The element -->By.xpath: //a[.='LOGIN']was found
17:49:08 [Test worker] INFO  application.MyListener - Start find element by -->By.xpath: //input[@placeholder='Email']
17:49:08 [Test worker] INFO  application.MyListener - The element -->By.xpath: //input[@placeholder='Email']was found
17:49:08 [Test worker] INFO  application.MyListener - Start find element by -->By.xpath: //input[@placeholder='Password']
17:49:08 [Test worker] INFO  application.MyListener - The element -->By.xpath: //input[@placeholder='Password']was found
17:49:08 [Test worker] INFO  application.MyListener - Start find element by -->By.xpath: //button[.=' Login']
17:49:08 [Test worker] INFO  application.MyListener - The element -->By.xpath: //button[.=' Login']was found
17:49:08 [Test worker] INFO  application.MyListener - Start find element by -->By.xpath: //*[.='ADD']
17:49:09 [Test worker] INFO  application.MyListener - The element -->By.xpath: //*[.='ADD']was found
17:49:09 [Test worker] INFO  application.MyListener - Start find element by -->By.xpath: //a[.='ADD']
17:49:09 [Test worker] INFO  application.MyListener - The element -->By.xpath: //a[.='ADD']was found
17:49:09 [Test worker] INFO  application.MyListener - Start find element by -->By.cssSelector: [placeholder='Name']
17:49:09 [Test worker] INFO  application.MyListener - The element -->By.cssSelector: [placeholder='Name']was found
17:49:09 [Test worker] INFO  application.MyListener - Start find element by -->By.cssSelector: [placeholder='Last Name']
17:49:09 [Test worker] INFO  application.MyListener - The element -->By.cssSelector: [placeholder='Last Name']was found
17:49:09 [Test worker] INFO  application.MyListener - Start find element by -->By.cssSelector: [placeholder='Phone']
17:49:09 [Test worker] INFO  application.MyListener - The element -->By.cssSelector: [placeholder='Phone']was found
17:49:10 [Test worker] INFO  application.MyListener - Start find element by -->By.cssSelector: [placeholder='email']
17:49:10 [Test worker] INFO  application.MyListener - The element -->By.cssSelector: [placeholder='email']was found
17:49:10 [Test worker] INFO  application.MyListener - Start find element by -->By.cssSelector: [placeholder='Address']
17:49:10 [Test worker] INFO  application.MyListener - The element -->By.cssSelector: [placeholder='Address']was found
17:49:10 [Test worker] INFO  application.MyListener - Start find element by -->By.cssSelector: [placeholder='description']
17:49:10 [Test worker] INFO  application.MyListener - The element -->By.cssSelector: [placeholder='description']was found
17:49:10 [Test worker] INFO  application.MyListener - Start find element by -->By.xpath: //b[.='Save']
17:49:10 [Test worker] INFO  application.MyListener - The element -->By.xpath: //b[.='Save']was found
17:49:10 [Test worker] INFO  application.MyListener - Start find element by -->By.xpath: //h3
17:49:10 [Test worker] INFO  application.MyListener - The element -->By.xpath: //h3was found
123456294917:49:11 [Test worker] INFO  application.MyListener - Start find element by -->By.xpath: //a[.='ADD']
17:49:11 [Test worker] INFO  application.MyListener - The element -->By.xpath: //a[.='ADD']was found
17:49:11 [Test worker] INFO  application.MyListener - Start find element by -->By.cssSelector: [placeholder='Name']
17:49:11 [Test worker] INFO  application.MyListener - The element -->By.cssSelector: [placeholder='Name']was found
17:49:11 [Test worker] INFO  application.MyListener - Start find element by -->By.cssSelector: [placeholder='Last Name']
17:49:11 [Test worker] INFO  application.MyListener - The element -->By.cssSelector: [placeholder='Last Name']was found
17:49:11 [Test worker] INFO  application.MyListener - Start find element by -->By.cssSelector: [placeholder='Phone']
17:49:11 [Test worker] INFO  application.MyListener - The element -->By.cssSelector: [placeholder='Phone']was found
17:49:11 [Test worker] INFO  application.MyListener - Start find element by -->By.cssSelector: [placeholder='email']
17:49:11 [Test worker] INFO  application.MyListener - The element -->By.cssSelector: [placeholder='email']was found
17:49:11 [Test worker] INFO  application.MyListener - Start find element by -->By.cssSelector: [placeholder='Address']
17:49:11 [Test worker] INFO  application.MyListener - The element -->By.cssSelector: [placeholder='Address']was found
17:49:11 [Test worker] INFO  application.MyListener - Start find element by -->By.cssSelector: [placeholder='description']
17:49:11 [Test worker] INFO  application.MyListener - The element -->By.cssSelector: [placeholder='description']was found
17:49:11 [Test worker] INFO  application.MyListener - Start find element by -->By.xpath: //b[.='Save']
17:49:11 [Test worker] INFO  application.MyListener - The element -->By.xpath: //b[.='Save']was found
17:49:12 [Test worker] INFO  application.MyListener - Start find element by -->By.xpath: //a[.='ADD']
17:49:12 [Test worker] INFO  application.MyListener - The element -->By.xpath: //a[.='ADD']was found
17:49:12 [Test worker] INFO  application.MyListener - Start find element by -->By.cssSelector: [placeholder='Name']
17:49:12 [Test worker] INFO  application.MyListener - The element -->By.cssSelector: [placeholder='Name']was found
17:49:12 [Test worker] INFO  application.MyListener - Start find element by -->By.cssSelector: [placeholder='Last Name']
17:49:12 [Test worker] INFO  application.MyListener - The element -->By.cssSelector: [placeholder='Last Name']was found
17:49:12 [Test worker] INFO  application.MyListener - Start find element by -->By.cssSelector: [placeholder='Phone']
17:49:12 [Test worker] INFO  application.MyListener - The element -->By.cssSelector: [placeholder='Phone']was found
17:49:12 [Test worker] INFO  application.MyListener - Start find element by -->By.cssSelector: [placeholder='email']
17:49:12 [Test worker] INFO  application.MyListener - The element -->By.cssSelector: [placeholder='email']was found
17:49:12 [Test worker] INFO  application.MyListener - Start find element by -->By.cssSelector: [placeholder='Address']
17:49:12 [Test worker] INFO  application.MyListener - The element -->By.cssSelector: [placeholder='Address']was found
17:49:12 [Test worker] INFO  application.MyListener - Start find element by -->By.cssSelector: [placeholder='description']
17:49:12 [Test worker] INFO  application.MyListener - The element -->By.cssSelector: [placeholder='description']was found
17:49:12 [Test worker] INFO  application.MyListener - Start find element by -->By.xpath: //b[.='Save']
17:49:12 [Test worker] INFO  application.MyListener - The element -->By.xpath: //b[.='Save']was found
17:49:12 [Test worker] INFO  application.MyListener - Start find element by -->By.cssSelector: .contact-item_card__2SOIM
17:49:22 [Test worker] INFO  application.MyListener - The element -->By.cssSelector: .contact-item_card__2SOIMwas found
17:49:22 [Test worker] INFO  tests.TestBase - End of method --> NegativeAddContactWithoutEmail
17:49:22 [Test worker] INFO  tests.TestBase - Start method  --> NegativeAddContactWithoutPhone
17:49:22 [Test worker] INFO  application.MyListener - Start find element by -->By.xpath: //*[.='Sign Out']
17:49:23 [Test worker] INFO  application.MyListener - The element -->By.xpath: //*[.='Sign Out']was found
17:49:23 [Test worker] INFO  application.MyListener - Start find element by -->By.xpath: //a[.='ADD']
17:49:23 [Test worker] INFO  application.MyListener - The element -->By.xpath: //a[.='ADD']was found
17:49:23 [Test worker] INFO  application.MyListener - Start find element by -->By.cssSelector: [placeholder='Name']
17:49:23 [Test worker] INFO  application.MyListener - The element -->By.cssSelector: [placeholder='Name']was found
17:49:23 [Test worker] INFO  application.MyListener - Start find element by -->By.cssSelector: [placeholder='Last Name']
17:49:23 [Test worker] INFO  application.MyListener - The element -->By.cssSelector: [placeholder='Last Name']was found
17:49:23 [Test worker] INFO  application.MyListener - Start find element by -->By.cssSelector: [placeholder='Phone']
17:49:23 [Test worker] INFO  application.MyListener - The element -->By.cssSelector: [placeholder='Phone']was found
17:49:23 [Test worker] INFO  application.MyListener - Start find element by -->By.cssSelector: [placeholder='email']
17:49:23 [Test worker] INFO  application.MyListener - The element -->By.cssSelector: [placeholder='email']was found
17:49:23 [Test worker] INFO  application.MyListener - Start find element by -->By.cssSelector: [placeholder='Address']
17:49:23 [Test worker] INFO  application.MyListener - The element -->By.cssSelector: [placeholder='Address']was found
17:49:23 [Test worker] INFO  application.MyListener - Start find element by -->By.cssSelector: [placeholder='description']
17:49:23 [Test worker] INFO  application.MyListener - The element -->By.cssSelector: [placeholder='description']was found
17:49:23 [Test worker] INFO  application.MyListener - Start find element by -->By.xpath: //b[.='Save']
17:49:23 [Test worker] INFO  application.MyListener - The element -->By.xpath: //b[.='Save']was found
17:49:23 [Test worker] INFO  application.MyListener - Start find element by -->By.xpath: //h3
17:49:24 [Test worker] INFO  application.MyListener - The element -->By.xpath: //h3was found
123456296317:49:24 [Test worker] INFO  application.MyListener - Start find element by -->By.xpath: //a[.='ADD']
17:49:24 [Test worker] INFO  application.MyListener - The element -->By.xpath: //a[.='ADD']was found
17:49:24 [Test worker] INFO  application.MyListener - Start find element by -->By.cssSelector: [placeholder='Name']
17:49:24 [Test worker] INFO  application.MyListener - The element -->By.cssSelector: [placeholder='Name']was found
17:49:24 [Test worker] INFO  application.MyListener - Start find element by -->By.cssSelector: [placeholder='Last Name']
17:49:24 [Test worker] INFO  application.MyListener - The element -->By.cssSelector: [placeholder='Last Name']was found
17:49:24 [Test worker] INFO  application.MyListener - Start find element by -->By.cssSelector: [placeholder='Phone']
17:49:24 [Test worker] INFO  application.MyListener - The element -->By.cssSelector: [placeholder='Phone']was found
17:49:25 [Test worker] INFO  application.MyListener - Start find element by -->By.cssSelector: [placeholder='email']
17:49:25 [Test worker] INFO  application.MyListener - The element -->By.cssSelector: [placeholder='email']was found
17:49:25 [Test worker] INFO  application.MyListener - Start find element by -->By.cssSelector: [placeholder='Address']
17:49:25 [Test worker] INFO  application.MyListener - The element -->By.cssSelector: [placeholder='Address']was found
17:49:25 [Test worker] INFO  application.MyListener - Start find element by -->By.cssSelector: [placeholder='description']
17:49:25 [Test worker] INFO  application.MyListener - The element -->By.cssSelector: [placeholder='description']was found
17:49:25 [Test worker] INFO  application.MyListener - Start find element by -->By.xpath: //b[.='Save']
17:49:25 [Test worker] INFO  application.MyListener - The element -->By.xpath: //b[.='Save']was found
17:49:25 [Test worker] INFO  application.MyListener - Start find element by -->By.cssSelector: .contact-item_card__2SOIM
17:49:35 [Test worker] INFO  application.MyListener - The element -->By.cssSelector: .contact-item_card__2SOIMwas found
17:49:35 [Test worker] INFO  tests.TestBase - End of method --> NegativeAddContactWithoutPhone
17:49:35 [Test worker] INFO  tests.TestBase - Start method  --> NegativeAddSameContact
17:49:35 [Test worker] INFO  application.MyListener - Start find element by -->By.xpath: //*[.='Sign Out']
17:49:35 [Test worker] INFO  application.MyListener - The element -->By.xpath: //*[.='Sign Out']was found
17:49:35 [Test worker] INFO  application.MyListener - Start find element by -->By.xpath: //a[.='ADD']
17:49:35 [Test worker] INFO  application.MyListener - The element -->By.xpath: //a[.='ADD']was found
17:49:35 [Test worker] INFO  application.MyListener - Start find element by -->By.cssSelector: [placeholder='Name']
17:49:35 [Test worker] INFO  application.MyListener - The element -->By.cssSelector: [placeholder='Name']was found
17:49:35 [Test worker] INFO  application.MyListener - Start find element by -->By.cssSelector: [placeholder='Last Name']
17:49:35 [Test worker] INFO  application.MyListener - The element -->By.cssSelector: [placeholder='Last Name']was found
17:49:35 [Test worker] INFO  application.MyListener - Start find element by -->By.cssSelector: [placeholder='Phone']
17:49:36 [Test worker] INFO  application.MyListener - The element -->By.cssSelector: [placeholder='Phone']was found
17:49:36 [Test worker] INFO  application.MyListener - Start find element by -->By.cssSelector: [placeholder='email']
17:49:36 [Test worker] INFO  application.MyListener - The element -->By.cssSelector: [placeholder='email']was found
17:49:36 [Test worker] INFO  application.MyListener - Start find element by -->By.cssSelector: [placeholder='Address']
17:49:36 [Test worker] INFO  application.MyListener - The element -->By.cssSelector: [placeholder='Address']was found
17:49:36 [Test worker] INFO  application.MyListener - Start find element by -->By.cssSelector: [placeholder='description']
17:49:36 [Test worker] INFO  application.MyListener - The element -->By.cssSelector: [placeholder='description']was found
17:49:36 [Test worker] INFO  application.MyListener - Start find element by -->By.xpath: //b[.='Save']
17:49:36 [Test worker] INFO  application.MyListener - The element -->By.xpath: //b[.='Save']was found
17:49:36 [Test worker] INFO  application.MyListener - Start find element by -->By.xpath: //h3
17:49:37 [Test worker] INFO  application.MyListener - The element -->By.xpath: //h3was found
123456297517:49:37 [Test worker] INFO  application.MyListener - Start find element by -->By.xpath: //a[.='ADD']
17:49:37 [Test worker] INFO  application.MyListener - The element -->By.xpath: //a[.='ADD']was found
17:49:37 [Test worker] INFO  application.MyListener - Start find element by -->By.cssSelector: [placeholder='Name']
17:49:37 [Test worker] INFO  application.MyListener - The element -->By.cssSelector: [placeholder='Name']was found
17:49:37 [Test worker] INFO  application.MyListener - Start find element by -->By.cssSelector: [placeholder='Last Name']
17:49:37 [Test worker] INFO  application.MyListener - The element -->By.cssSelector: [placeholder='Last Name']was found
17:49:37 [Test worker] INFO  application.MyListener - Start find element by -->By.cssSelector: [placeholder='Phone']
17:49:37 [Test worker] INFO  application.MyListener - The element -->By.cssSelector: [placeholder='Phone']was found
17:49:37 [Test worker] INFO  application.MyListener - Start find element by -->By.cssSelector: [placeholder='email']
17:49:38 [Test worker] INFO  application.MyListener - The element -->By.cssSelector: [placeholder='email']was found
17:49:38 [Test worker] INFO  application.MyListener - Start find element by -->By.cssSelector: [placeholder='Address']
17:49:38 [Test worker] INFO  application.MyListener - The element -->By.cssSelector: [placeholder='Address']was found
17:49:38 [Test worker] INFO  application.MyListener - Start find element by -->By.cssSelector: [placeholder='description']
17:49:38 [Test worker] INFO  application.MyListener - The element -->By.cssSelector: [placeholder='description']was found
17:49:38 [Test worker] INFO  application.MyListener - Start find element by -->By.xpath: //b[.='Save']
17:49:38 [Test worker] INFO  application.MyListener - The element -->By.xpath: //b[.='Save']was found
17:49:38 [Test worker] INFO  application.MyListener - Start find element by -->By.xpath: //a[.='ADD']
17:49:38 [Test worker] INFO  application.MyListener - The element -->By.xpath: //a[.='ADD']was found
17:49:38 [Test worker] INFO  application.MyListener - Start find element by -->By.cssSelector: [placeholder='Name']
17:49:38 [Test worker] INFO  application.MyListener - The element -->By.cssSelector: [placeholder='Name']was found
17:49:38 [Test worker] INFO  application.MyListener - Start find element by -->By.cssSelector: [placeholder='Last Name']
17:49:38 [Test worker] INFO  application.MyListener - The element -->By.cssSelector: [placeholder='Last Name']was found
17:49:38 [Test worker] INFO  application.MyListener - Start find element by -->By.cssSelector: [placeholder='Phone']
17:49:38 [Test worker] INFO  application.MyListener - The element -->By.cssSelector: [placeholder='Phone']was found
17:49:38 [Test worker] INFO  application.MyListener - Start find element by -->By.cssSelector: [placeholder='email']
17:49:38 [Test worker] INFO  application.MyListener - The element -->By.cssSelector: [placeholder='email']was found
17:49:38 [Test worker] INFO  application.MyListener - Start find element by -->By.cssSelector: [placeholder='Address']
17:49:38 [Test worker] INFO  application.MyListener - The element -->By.cssSelector: [placeholder='Address']was found
17:49:39 [Test worker] INFO  application.MyListener - Start find element by -->By.cssSelector: [placeholder='description']
17:49:39 [Test worker] INFO  application.MyListener - The element -->By.cssSelector: [placeholder='description']was found
17:49:39 [Test worker] INFO  application.MyListener - Start find element by -->By.xpath: //b[.='Save']
17:49:39 [Test worker] INFO  application.MyListener - The element -->By.xpath: //b[.='Save']was found
17:49:39 [Test worker] INFO  application.MyListener - Start find element by -->By.cssSelector: .contact-item_card__2SOIM
17:49:49 [Test worker] INFO  application.MyListener - The element -->By.cssSelector: .contact-item_card__2SOIMwas found
17:49:49 [Test worker] INFO  tests.TestBase - End of method --> NegativeAddSameContact
17:49:49 [Test worker] INFO  tests.TestBase - Start method  --> addContactTestBase
17:49:49 [Test worker] INFO  application.MyListener - Start find element by -->By.xpath: //*[.='Sign Out']
17:49:49 [Test worker] INFO  application.MyListener - The element -->By.xpath: //*[.='Sign Out']was found
17:49:49 [Test worker] INFO  application.MyListener - Start find element by -->By.xpath: //a[.='ADD']
17:49:49 [Test worker] INFO  application.MyListener - The element -->By.xpath: //a[.='ADD']was found
17:49:49 [Test worker] INFO  application.MyListener - Start find element by -->By.cssSelector: [placeholder='Name']
17:49:49 [Test worker] INFO  application.MyListener - The element -->By.cssSelector: [placeholder='Name']was found
17:49:49 [Test worker] INFO  application.MyListener - Start find element by -->By.cssSelector: [placeholder='Last Name']
17:49:49 [Test worker] INFO  application.MyListener - The element -->By.cssSelector: [placeholder='Last Name']was found
17:49:49 [Test worker] INFO  application.MyListener - Start find element by -->By.cssSelector: [placeholder='Phone']
17:49:49 [Test worker] INFO  application.MyListener - The element -->By.cssSelector: [placeholder='Phone']was found
17:49:49 [Test worker] INFO  application.MyListener - Start find element by -->By.cssSelector: [placeholder='email']
17:49:49 [Test worker] INFO  application.MyListener - The element -->By.cssSelector: [placeholder='email']was found
17:49:49 [Test worker] INFO  application.MyListener - Start find element by -->By.cssSelector: [placeholder='Address']
17:49:49 [Test worker] INFO  application.MyListener - The element -->By.cssSelector: [placeholder='Address']was found
17:49:50 [Test worker] INFO  application.MyListener - Start find element by -->By.cssSelector: [placeholder='description']
17:49:50 [Test worker] INFO  application.MyListener - The element -->By.cssSelector: [placeholder='description']was found
17:49:50 [Test worker] INFO  application.MyListener - Start find element by -->By.xpath: //b[.='Save']
17:49:50 [Test worker] INFO  application.MyListener - The element -->By.xpath: //b[.='Save']was found
17:49:50 [Test worker] INFO  application.MyListener - Start find element by -->By.xpath: //h3
17:49:50 [Test worker] INFO  application.MyListener - The element -->By.xpath: //h3was found
123456298917:49:51 [Test worker] INFO  application.MyListener - Start find element by -->By.xpath: //a[.='ADD']
17:49:51 [Test worker] INFO  application.MyListener - The element -->By.xpath: //a[.='ADD']was found
17:49:51 [Test worker] INFO  application.MyListener - Start find element by -->By.cssSelector: [placeholder='Name']
17:49:51 [Test worker] INFO  application.MyListener - The element -->By.cssSelector: [placeholder='Name']was found
17:49:51 [Test worker] INFO  application.MyListener - Start find element by -->By.cssSelector: [placeholder='Last Name']
17:49:51 [Test worker] INFO  application.MyListener - The element -->By.cssSelector: [placeholder='Last Name']was found
17:49:51 [Test worker] INFO  application.MyListener - Start find element by -->By.cssSelector: [placeholder='Phone']
17:49:51 [Test worker] INFO  application.MyListener - The element -->By.cssSelector: [placeholder='Phone']was found
17:49:51 [Test worker] INFO  application.MyListener - Start find element by -->By.cssSelector: [placeholder='email']
17:49:51 [Test worker] INFO  application.MyListener - The element -->By.cssSelector: [placeholder='email']was found
17:49:51 [Test worker] INFO  application.MyListener - Start find element by -->By.cssSelector: [placeholder='Address']
17:49:51 [Test worker] INFO  application.MyListener - The element -->By.cssSelector: [placeholder='Address']was found
17:49:51 [Test worker] INFO  application.MyListener - Start find element by -->By.cssSelector: [placeholder='description']
17:49:51 [Test worker] INFO  application.MyListener - The element -->By.cssSelector: [placeholder='description']was found
17:49:51 [Test worker] INFO  application.MyListener - Start find element by -->By.xpath: //b[.='Save']
17:49:51 [Test worker] INFO  application.MyListener - The element -->By.xpath: //b[.='Save']was found
17:49:51 [Test worker] INFO  application.MyListener - Start find element by -->By.xpath: //h3
17:49:52 [Test worker] INFO  application.MyListener - The element -->By.xpath: //h3was found
123456299117:49:52 [Test worker] INFO  application.MyListener - Start find element by -->By.cssSelector: .contact-item_card__2SOIM
17:49:52 [Test worker] INFO  application.MyListener - The element -->By.cssSelector: .contact-item_card__2SOIMwas found
17:49:52 [Test worker] INFO  application.MyListener - Start find element by -->By.cssSelector: .contact-item_card__2SOIM
17:49:52 [Test worker] INFO  application.MyListener - The element -->By.cssSelector: .contact-item_card__2SOIMwas found
17:49:52 [Test worker] INFO  application.MyListener - Start find element by -->By.cssSelector: .contact-item_card__2SOIM
17:49:52 [Test worker] INFO  application.MyListener - The element -->By.cssSelector: .contact-item_card__2SOIMwas found
17:49:52 [Test worker] INFO  application.MyListener - Start find element by -->By.cssSelector: .contact-item_card__2SOIM
17:49:52 [Test worker] INFO  application.MyListener - The element -->By.cssSelector: .contact-item_card__2SOIMwas found
17:49:52 [Test worker] INFO  application.MyListener - Start find element by -->By.xpath: //button[.='Remove']
17:49:52 [Test worker] INFO  application.MyListener - The element -->By.xpath: //button[.='Remove']was found
17:49:54 [Test worker] INFO  application.MyListener - Start find element by -->By.cssSelector: .contact-item_card__2SOIM
17:49:54 [Test worker] INFO  application.MyListener - The element -->By.cssSelector: .contact-item_card__2SOIMwas found
17:49:54 [Test worker] INFO  application.MyListener - Start find element by -->By.cssSelector: .contact-item_card__2SOIM
17:49:54 [Test worker] INFO  application.MyListener - The element -->By.cssSelector: .contact-item_card__2SOIMwas found
17:49:54 [Test worker] INFO  application.MyListener - Start find element by -->By.cssSelector: .contact-item_card__2SOIM
17:49:54 [Test worker] INFO  application.MyListener - The element -->By.cssSelector: .contact-item_card__2SOIMwas found
17:49:54 [Test worker] INFO  application.MyListener - Start find element by -->By.cssSelector: .contact-item_card__2SOIM
17:49:54 [Test worker] INFO  application.MyListener - The element -->By.cssSelector: .contact-item_card__2SOIMwas found
17:49:54 [Test worker] INFO  application.MyListener - Start find element by -->By.xpath: //button[.='Remove']
17:49:54 [Test worker] INFO  application.MyListener - The element -->By.xpath: //button[.='Remove']was found
17:49:56 [Test worker] INFO  application.MyListener - Start find element by -->By.cssSelector: .contact-item_card__2SOIM
17:49:56 [Test worker] INFO  application.MyListener - The element -->By.cssSelector: .contact-item_card__2SOIMwas found
17:49:56 [Test worker] INFO  application.MyListener - Start find element by -->By.cssSelector: .contact-item_card__2SOIM
17:49:56 [Test worker] INFO  application.MyListener - The element -->By.cssSelector: .contact-item_card__2SOIMwas found
17:49:56 [Test worker] INFO  application.MyListener - Start find element by -->By.cssSelector: .contact-item_card__2SOIM
17:49:56 [Test worker] INFO  application.MyListener - The element -->By.cssSelector: .contact-item_card__2SOIMwas found
17:49:56 [Test worker] INFO  application.MyListener - Start find element by -->By.cssSelector: .contact-item_card__2SOIM
17:49:56 [Test worker] INFO  application.MyListener - The element -->By.cssSelector: .contact-item_card__2SOIMwas found
17:49:57 [Test worker] INFO  application.MyListener - Start find element by -->By.xpath: //button[.='Remove']
17:49:57 [Test worker] INFO  application.MyListener - The element -->By.xpath: //button[.='Remove']was found
17:49:59 [Test worker] INFO  application.MyListener - Start find element by -->By.cssSelector: .contact-item_card__2SOIM
17:49:59 [Test worker] INFO  application.MyListener - The element -->By.cssSelector: .contact-item_card__2SOIMwas found
17:49:59 [Test worker] INFO  application.MyListener - Start find element by -->By.cssSelector: .contact-item_card__2SOIM
17:49:59 [Test worker] INFO  application.MyListener - The element -->By.cssSelector: .contact-item_card__2SOIMwas found
17:49:59 [Test worker] INFO  application.MyListener - Start find element by -->By.cssSelector: .contact-item_card__2SOIM
17:49:59 [Test worker] INFO  application.MyListener - The element -->By.cssSelector: .contact-item_card__2SOIMwas found
17:49:59 [Test worker] INFO  application.MyListener - Start find element by -->By.cssSelector: .contact-item_card__2SOIM
17:49:59 [Test worker] INFO  application.MyListener - The element -->By.cssSelector: .contact-item_card__2SOIMwas found
17:49:59 [Test worker] INFO  application.MyListener - Start find element by -->By.xpath: //button[.='Remove']
17:49:59 [Test worker] INFO  application.MyListener - The element -->By.xpath: //button[.='Remove']was found
17:50:01 [Test worker] INFO  application.MyListener - Start find element by -->By.cssSelector: .contact-item_card__2SOIM
17:50:01 [Test worker] INFO  application.MyListener - The element -->By.cssSelector: .contact-item_card__2SOIMwas found
17:50:01 [Test worker] INFO  application.MyListener - Start find element by -->By.cssSelector: .contact-item_card__2SOIM
17:50:01 [Test worker] INFO  application.MyListener - The element -->By.cssSelector: .contact-item_card__2SOIMwas found
17:50:01 [Test worker] INFO  application.MyListener - Start find element by -->By.cssSelector: .contact-item_card__2SOIM
17:50:01 [Test worker] INFO  application.MyListener - The element -->By.cssSelector: .contact-item_card__2SOIMwas found
17:50:01 [Test worker] INFO  application.MyListener - Start find element by -->By.cssSelector: .contact-item_card__2SOIM
17:50:01 [Test worker] INFO  application.MyListener - The element -->By.cssSelector: .contact-item_card__2SOIMwas found
17:50:01 [Test worker] INFO  application.MyListener - Start find element by -->By.xpath: //button[.='Remove']
17:50:01 [Test worker] INFO  application.MyListener - The element -->By.xpath: //button[.='Remove']was found
17:50:03 [Test worker] INFO  application.MyListener - Start find element by -->By.cssSelector: .contact-item_card__2SOIM
17:50:03 [Test worker] INFO  application.MyListener - The element -->By.cssSelector: .contact-item_card__2SOIMwas found
17:50:03 [Test worker] INFO  application.MyListener - Start find element by -->By.cssSelector: .contact-item_card__2SOIM
17:50:03 [Test worker] INFO  application.MyListener - The element -->By.cssSelector: .contact-item_card__2SOIMwas found
17:50:03 [Test worker] INFO  application.MyListener - Start find element by -->By.cssSelector: .contact-item_card__2SOIM
17:50:03 [Test worker] INFO  application.MyListener - The element -->By.cssSelector: .contact-item_card__2SOIMwas found
17:50:03 [Test worker] INFO  application.MyListener - Start find element by -->By.cssSelector: .contact-item_card__2SOIM
17:50:03 [Test worker] INFO  application.MyListener - The element -->By.cssSelector: .contact-item_card__2SOIMwas found
17:50:03 [Test worker] INFO  application.MyListener - Start find element by -->By.xpath: //button[.='Remove']
17:50:03 [Test worker] INFO  application.MyListener - The element -->By.xpath: //button[.='Remove']was found
17:50:05 [Test worker] INFO  application.MyListener - Start find element by -->By.cssSelector: .contact-item_card__2SOIM
17:50:05 [Test worker] INFO  application.MyListener - The element -->By.cssSelector: .contact-item_card__2SOIMwas found
17:50:05 [Test worker] INFO  application.MyListener - Start find element by -->By.cssSelector: .contact-item_card__2SOIM
17:50:05 [Test worker] INFO  application.MyListener - The element -->By.cssSelector: .contact-item_card__2SOIMwas found
17:50:05 [Test worker] INFO  application.MyListener - Start find element by -->By.cssSelector: .contact-item_card__2SOIM
17:50:05 [Test worker] INFO  application.MyListener - The element -->By.cssSelector: .contact-item_card__2SOIMwas found
17:50:05 [Test worker] INFO  application.MyListener - Start find element by -->By.cssSelector: .contact-item_card__2SOIM
17:50:05 [Test worker] INFO  application.MyListener - The element -->By.cssSelector: .contact-item_card__2SOIMwas found
17:50:05 [Test worker] INFO  application.MyListener - Start find element by -->By.xpath: //button[.='Remove']
17:50:05 [Test worker] INFO  application.MyListener - The element -->By.xpath: //button[.='Remove']was found
17:50:07 [Test worker] INFO  application.MyListener - Start find element by -->By.cssSelector: .contact-item_card__2SOIM
17:50:07 [Test worker] INFO  application.MyListener - The element -->By.cssSelector: .contact-item_card__2SOIMwas found
17:50:07 [Test worker] INFO  application.MyListener - Start find element by -->By.cssSelector: .contact-item_card__2SOIM
17:50:07 [Test worker] INFO  application.MyListener - The element -->By.cssSelector: .contact-item_card__2SOIMwas found
17:50:07 [Test worker] INFO  application.MyListener - Start find element by -->By.cssSelector: .contact-item_card__2SOIM
17:50:08 [Test worker] INFO  application.MyListener - The element -->By.cssSelector: .contact-item_card__2SOIMwas found
17:50:08 [Test worker] INFO  application.MyListener - Start find element by -->By.cssSelector: .contact-item_card__2SOIM
17:50:08 [Test worker] INFO  application.MyListener - The element -->By.cssSelector: .contact-item_card__2SOIMwas found
17:50:08 [Test worker] INFO  application.MyListener - Start find element by -->By.xpath: //button[.='Remove']
17:50:08 [Test worker] INFO  application.MyListener - The element -->By.xpath: //button[.='Remove']was found
17:50:10 [Test worker] INFO  application.MyListener - Start find element by -->By.cssSelector: .contact-item_card__2SOIM
17:50:10 [Test worker] INFO  application.MyListener - The element -->By.cssSelector: .contact-item_card__2SOIMwas found
17:50:10 [Test worker] INFO  application.MyListener - Start find element by -->By.cssSelector: .contact-item_card__2SOIM
17:50:10 [Test worker] INFO  application.MyListener - The element -->By.cssSelector: .contact-item_card__2SOIMwas found
17:50:10 [Test worker] INFO  application.MyListener - Start find element by -->By.cssSelector: .contact-item_card__2SOIM
17:50:10 [Test worker] INFO  application.MyListener - The element -->By.cssSelector: .contact-item_card__2SOIMwas found
17:50:10 [Test worker] INFO  application.MyListener - Start find element by -->By.cssSelector: .contact-item_card__2SOIM
17:50:10 [Test worker] INFO  application.MyListener - The element -->By.cssSelector: .contact-item_card__2SOIMwas found
17:50:10 [Test worker] INFO  application.MyListener - Start find element by -->By.xpath: //button[.='Remove']
17:50:10 [Test worker] INFO  application.MyListener - The element -->By.xpath: //button[.='Remove']was found
17:50:12 [Test worker] INFO  application.MyListener - Start find element by -->By.cssSelector: .contact-item_card__2SOIM
17:50:12 [Test worker] INFO  application.MyListener - The element -->By.cssSelector: .contact-item_card__2SOIMwas found
17:50:12 [Test worker] INFO  application.MyListener - Start find element by -->By.cssSelector: .contact-item_card__2SOIM
17:50:12 [Test worker] INFO  application.MyListener - The element -->By.cssSelector: .contact-item_card__2SOIMwas found
17:50:12 [Test worker] INFO  application.MyListener - Start find element by -->By.cssSelector: .contact-item_card__2SOIM
17:50:12 [Test worker] INFO  application.MyListener - The element -->By.cssSelector: .contact-item_card__2SOIMwas found
17:50:12 [Test worker] INFO  application.MyListener - Start find element by -->By.cssSelector: .contact-item_card__2SOIM
17:50:12 [Test worker] INFO  application.MyListener - The element -->By.cssSelector: .contact-item_card__2SOIMwas found
17:50:12 [Test worker] INFO  application.MyListener - Start find element by -->By.xpath: //button[.='Remove']
17:50:12 [Test worker] INFO  application.MyListener - The element -->By.xpath: //button[.='Remove']was found
17:50:14 [Test worker] INFO  application.MyListener - Start find element by -->By.cssSelector: .contact-item_card__2SOIM
17:50:14 [Test worker] INFO  application.MyListener - The element -->By.cssSelector: .contact-item_card__2SOIMwas found
17:50:14 [Test worker] INFO  application.MyListener - Start find element by -->By.cssSelector: .contact-item_card__2SOIM
17:50:14 [Test worker] INFO  application.MyListener - The element -->By.cssSelector: .contact-item_card__2SOIMwas found
17:50:14 [Test worker] INFO  application.MyListener - Start find element by -->By.cssSelector: .contact-item_card__2SOIM
17:50:14 [Test worker] INFO  application.MyListener - The element -->By.cssSelector: .contact-item_card__2SOIMwas found
17:50:14 [Test worker] INFO  application.MyListener - Start find element by -->By.cssSelector: .contact-item_card__2SOIM
17:50:14 [Test worker] INFO  application.MyListener - The element -->By.cssSelector: .contact-item_card__2SOIMwas found
17:50:14 [Test worker] INFO  application.MyListener - Start find element by -->By.xpath: //button[.='Remove']
17:50:14 [Test worker] INFO  application.MyListener - The element -->By.xpath: //button[.='Remove']was found
17:50:16 [Test worker] INFO  application.MyListener - Start find element by -->By.cssSelector: .contact-item_card__2SOIM
17:50:16 [Test worker] INFO  application.MyListener - The element -->By.cssSelector: .contact-item_card__2SOIMwas found
17:50:16 [Test worker] INFO  application.MyListener - Start find element by -->By.cssSelector: .contact-item_card__2SOIM
17:50:16 [Test worker] INFO  application.MyListener - The element -->By.cssSelector: .contact-item_card__2SOIMwas found
17:50:16 [Test worker] INFO  application.MyListener - Start find element by -->By.cssSelector: .contact-item_card__2SOIM
17:50:16 [Test worker] INFO  application.MyListener - The element -->By.cssSelector: .contact-item_card__2SOIMwas found
17:50:16 [Test worker] INFO  application.MyListener - Start find element by -->By.cssSelector: .contact-item_card__2SOIM
17:50:16 [Test worker] INFO  application.MyListener - The element -->By.cssSelector: .contact-item_card__2SOIMwas found
17:50:17 [Test worker] INFO  application.MyListener - Start find element by -->By.xpath: //button[.='Remove']
17:50:17 [Test worker] INFO  application.MyListener - The element -->By.xpath: //button[.='Remove']was found
17:50:19 [Test worker] INFO  application.MyListener - Start find element by -->By.cssSelector: .contact-item_card__2SOIM
17:50:19 [Test worker] INFO  application.MyListener - The element -->By.cssSelector: .contact-item_card__2SOIMwas found
17:50:19 [Test worker] INFO  application.MyListener - Start find element by -->By.cssSelector: .contact-item_card__2SOIM
17:50:19 [Test worker] INFO  application.MyListener - The element -->By.cssSelector: .contact-item_card__2SOIMwas found
17:50:19 [Test worker] INFO  application.MyListener - Start find element by -->By.cssSelector: .contact-item_card__2SOIM
17:50:19 [Test worker] INFO  application.MyListener - The element -->By.cssSelector: .contact-item_card__2SOIMwas found
17:50:19 [Test worker] INFO  application.MyListener - Start find element by -->By.cssSelector: .contact-item_card__2SOIM
17:50:19 [Test worker] INFO  application.MyListener - The element -->By.cssSelector: .contact-item_card__2SOIMwas found
17:50:19 [Test worker] INFO  application.MyListener - Start find element by -->By.xpath: //button[.='Remove']
17:50:19 [Test worker] INFO  application.MyListener - The element -->By.xpath: //button[.='Remove']was found
17:50:21 [Test worker] INFO  application.MyListener - Start find element by -->By.cssSelector: .contact-item_card__2SOIM
17:50:21 [Test worker] INFO  application.MyListener - The element -->By.cssSelector: .contact-item_card__2SOIMwas found
17:50:21 [Test worker] INFO  application.MyListener - Start find element by -->By.cssSelector: .contact-item_card__2SOIM
17:50:21 [Test worker] INFO  application.MyListener - The element -->By.cssSelector: .contact-item_card__2SOIMwas found
17:50:21 [Test worker] INFO  application.MyListener - Start find element by -->By.cssSelector: .contact-item_card__2SOIM
17:50:21 [Test worker] INFO  application.MyListener - The element -->By.cssSelector: .contact-item_card__2SOIMwas found
17:50:21 [Test worker] INFO  application.MyListener - Start find element by -->By.cssSelector: .contact-item_card__2SOIM
17:50:21 [Test worker] INFO  application.MyListener - The element -->By.cssSelector: .contact-item_card__2SOIMwas found
17:50:21 [Test worker] INFO  application.MyListener - Start find element by -->By.xpath: //button[.='Remove']
17:50:21 [Test worker] INFO  application.MyListener - The element -->By.xpath: //button[.='Remove']was found
17:50:23 [Test worker] INFO  application.MyListener - Start find element by -->By.cssSelector: .contact-item_card__2SOIM
17:50:23 [Test worker] INFO  application.MyListener - The element -->By.cssSelector: .contact-item_card__2SOIMwas found
17:50:23 [Test worker] INFO  application.MyListener - Start find element by -->By.cssSelector: .contact-item_card__2SOIM
17:50:23 [Test worker] INFO  application.MyListener - The element -->By.cssSelector: .contact-item_card__2SOIMwas found
17:50:23 [Test worker] INFO  application.MyListener - Start find element by -->By.cssSelector: .contact-item_card__2SOIM
17:50:23 [Test worker] INFO  application.MyListener - The element -->By.cssSelector: .contact-item_card__2SOIMwas found
17:50:23 [Test worker] INFO  application.MyListener - Start find element by -->By.cssSelector: .contact-item_card__2SOIM
17:50:23 [Test worker] INFO  application.MyListener - The element -->By.cssSelector: .contact-item_card__2SOIMwas found
17:50:23 [Test worker] INFO  application.MyListener - Start find element by -->By.xpath: //button[.='Remove']
17:50:23 [Test worker] INFO  application.MyListener - The element -->By.xpath: //button[.='Remove']was found
17:50:25 [Test worker] INFO  application.MyListener - Start find element by -->By.cssSelector: .contact-item_card__2SOIM
17:50:35 [Test worker] INFO  application.MyListener - The element -->By.cssSelector: .contact-item_card__2SOIMwas found
17:50:35 [Test worker] INFO  application.MyListener - Start find element by -->By.cssSelector: .contact-item_card__2SOIM
17:50:45 [Test worker] INFO  application.MyListener - The element -->By.cssSelector: .contact-item_card__2SOIMwas found
17:50:45 [Test worker] INFO  tests.TestBase - End of method --> addContactTestBase
17:50:45 [Test worker] INFO  tests.TestBase - Start method  --> addContactTestBase
17:50:45 [Test worker] INFO  application.MyListener - Start find element by -->By.xpath: //*[.='Sign Out']
17:50:45 [Test worker] INFO  application.MyListener - The element -->By.xpath: //*[.='Sign Out']was found
17:50:45 [Test worker] INFO  application.MyListener - Start find element by -->By.xpath: //a[.='ADD']
17:50:45 [Test worker] INFO  application.MyListener - The element -->By.xpath: //a[.='ADD']was found
17:50:45 [Test worker] INFO  application.MyListener - Start find element by -->By.cssSelector: [placeholder='Name']
17:50:45 [Test worker] INFO  application.MyListener - The element -->By.cssSelector: [placeholder='Name']was found
17:50:46 [Test worker] INFO  application.MyListener - Start find element by -->By.cssSelector: [placeholder='Last Name']
17:50:46 [Test worker] INFO  application.MyListener - The element -->By.cssSelector: [placeholder='Last Name']was found
17:50:46 [Test worker] INFO  application.MyListener - Start find element by -->By.cssSelector: [placeholder='Phone']
17:50:46 [Test worker] INFO  application.MyListener - The element -->By.cssSelector: [placeholder='Phone']was found
17:50:46 [Test worker] INFO  application.MyListener - Start find element by -->By.cssSelector: [placeholder='email']
17:50:46 [Test worker] INFO  application.MyListener - The element -->By.cssSelector: [placeholder='email']was found
17:50:46 [Test worker] INFO  application.MyListener - Start find element by -->By.cssSelector: [placeholder='Address']
17:50:46 [Test worker] INFO  application.MyListener - The element -->By.cssSelector: [placeholder='Address']was found
17:50:46 [Test worker] INFO  application.MyListener - Start find element by -->By.cssSelector: [placeholder='description']
17:50:46 [Test worker] INFO  application.MyListener - The element -->By.cssSelector: [placeholder='description']was found
17:50:46 [Test worker] INFO  application.MyListener - Start find element by -->By.xpath: //b[.='Save']
17:50:46 [Test worker] INFO  application.MyListener - The element -->By.xpath: //b[.='Save']was found
17:50:46 [Test worker] INFO  application.MyListener - Start find element by -->By.xpath: //h3
17:50:47 [Test worker] INFO  application.MyListener - The element -->By.xpath: //h3was found
123456304517:50:47 [Test worker] INFO  application.MyListener - Start find element by -->By.xpath: //a[.='ADD']
17:50:47 [Test worker] INFO  application.MyListener - The element -->By.xpath: //a[.='ADD']was found
17:50:47 [Test worker] INFO  application.MyListener - Start find element by -->By.cssSelector: [placeholder='Name']
17:50:47 [Test worker] INFO  application.MyListener - The element -->By.cssSelector: [placeholder='Name']was found
17:50:47 [Test worker] INFO  application.MyListener - Start find element by -->By.cssSelector: [placeholder='Last Name']
17:50:47 [Test worker] INFO  application.MyListener - The element -->By.cssSelector: [placeholder='Last Name']was found
17:50:47 [Test worker] INFO  application.MyListener - Start find element by -->By.cssSelector: [placeholder='Phone']
17:50:47 [Test worker] INFO  application.MyListener - The element -->By.cssSelector: [placeholder='Phone']was found
17:50:47 [Test worker] INFO  application.MyListener - Start find element by -->By.cssSelector: [placeholder='email']
17:50:47 [Test worker] INFO  application.MyListener - The element -->By.cssSelector: [placeholder='email']was found
17:50:47 [Test worker] INFO  application.MyListener - Start find element by -->By.cssSelector: [placeholder='Address']
17:50:47 [Test worker] INFO  application.MyListener - The element -->By.cssSelector: [placeholder='Address']was found
17:50:48 [Test worker] INFO  application.MyListener - Start find element by -->By.cssSelector: [placeholder='description']
17:50:48 [Test worker] INFO  application.MyListener - The element -->By.cssSelector: [placeholder='description']was found
17:50:48 [Test worker] INFO  application.MyListener - Start find element by -->By.xpath: //b[.='Save']
17:50:48 [Test worker] INFO  application.MyListener - The element -->By.xpath: //b[.='Save']was found
17:50:48 [Test worker] INFO  application.MyListener - Start find element by -->By.xpath: //h3
17:50:48 [Test worker] INFO  application.MyListener - The element -->By.xpath: //h3was found
123456304717:50:48 [Test worker] INFO  application.MyListener - Start find element by -->By.cssSelector: .contact-item_card__2SOIM
17:50:48 [Test worker] INFO  application.MyListener - The element -->By.cssSelector: .contact-item_card__2SOIMwas found
17:50:48 [Test worker] INFO  application.MyListener - Start find element by -->By.cssSelector: .contact-item_card__2SOIM
17:50:48 [Test worker] INFO  application.MyListener - The element -->By.cssSelector: .contact-item_card__2SOIMwas found
17:50:48 [Test worker] INFO  application.MyListener - Start find element by -->By.cssSelector: .contact-item_card__2SOIM
17:50:48 [Test worker] INFO  application.MyListener - The element -->By.cssSelector: .contact-item_card__2SOIMwas found
17:50:48 [Test worker] INFO  application.MyListener - Start find element by -->By.cssSelector: .contact-item_card__2SOIM
17:50:48 [Test worker] INFO  application.MyListener - The element -->By.cssSelector: .contact-item_card__2SOIMwas found
17:50:48 [Test worker] INFO  application.MyListener - Start find element by -->By.xpath: //button[.='Remove']
17:50:48 [Test worker] INFO  application.MyListener - The element -->By.xpath: //button[.='Remove']was found
17:50:50 [Test worker] INFO  application.MyListener - Start find element by -->By.cssSelector: .contact-item_card__2SOIM
17:50:50 [Test worker] INFO  application.MyListener - The element -->By.cssSelector: .contact-item_card__2SOIMwas found
17:50:50 [Test worker] INFO  application.MyListener - Start find element by -->By.cssSelector: .contact-item_card__2SOIM
17:50:50 [Test worker] INFO  application.MyListener - The element -->By.cssSelector: .contact-item_card__2SOIMwas found
17:50:50 [Test worker] INFO  application.MyListener - Start find element by -->By.cssSelector: .contact-item_card__2SOIM
17:50:50 [Test worker] INFO  application.MyListener - The element -->By.cssSelector: .contact-item_card__2SOIMwas found
17:50:50 [Test worker] INFO  application.MyListener - Start find element by -->By.cssSelector: .contact-item_card__2SOIM
17:50:50 [Test worker] INFO  application.MyListener - The element -->By.cssSelector: .contact-item_card__2SOIMwas found
17:50:50 [Test worker] INFO  application.MyListener - Start find element by -->By.xpath: //button[.='Remove']
17:50:50 [Test worker] INFO  application.MyListener - The element -->By.xpath: //button[.='Remove']was found
17:50:53 [Test worker] INFO  application.MyListener - Start find element by -->By.cssSelector: .contact-item_card__2SOIM
17:51:03 [Test worker] INFO  application.MyListener - The element -->By.cssSelector: .contact-item_card__2SOIMwas found
17:51:03 [Test worker] INFO  application.MyListener - Start find element by -->By.cssSelector: .contact-item_card__2SOIM
17:51:13 [Test worker] INFO  application.MyListener - The element -->By.cssSelector: .contact-item_card__2SOIMwas found
17:51:13 [Test worker] INFO  tests.TestBase - End of method --> addContactTestBase
17:51:13 [Test worker] INFO  tests.TestBase - Start method  --> addContactTestBase
17:51:13 [Test worker] INFO  application.MyListener - Start find element by -->By.xpath: //*[.='Sign Out']
17:51:13 [Test worker] INFO  application.MyListener - The element -->By.xpath: //*[.='Sign Out']was found
17:51:13 [Test worker] INFO  application.MyListener - Start find element by -->By.xpath: //a[.='ADD']
17:51:13 [Test worker] INFO  application.MyListener - The element -->By.xpath: //a[.='ADD']was found
17:51:13 [Test worker] INFO  application.MyListener - Start find element by -->By.cssSelector: [placeholder='Name']
17:51:13 [Test worker] INFO  application.MyListener - The element -->By.cssSelector: [placeholder='Name']was found
17:51:13 [Test worker] INFO  application.MyListener - Start find element by -->By.cssSelector: [placeholder='Last Name']
17:51:13 [Test worker] INFO  application.MyListener - The element -->By.cssSelector: [placeholder='Last Name']was found
17:51:13 [Test worker] INFO  application.MyListener - Start find element by -->By.cssSelector: [placeholder='Phone']
17:51:13 [Test worker] INFO  application.MyListener - The element -->By.cssSelector: [placeholder='Phone']was found
17:51:13 [Test worker] INFO  application.MyListener - Start find element by -->By.cssSelector: [placeholder='email']
17:51:13 [Test worker] INFO  application.MyListener - The element -->By.cssSelector: [placeholder='email']was found
17:51:13 [Test worker] INFO  application.MyListener - Start find element by -->By.cssSelector: [placeholder='Address']
17:51:13 [Test worker] INFO  application.MyListener - The element -->By.cssSelector: [placeholder='Address']was found
17:51:13 [Test worker] INFO  application.MyListener - Start find element by -->By.cssSelector: [placeholder='description']
17:51:13 [Test worker] INFO  application.MyListener - The element -->By.cssSelector: [placeholder='description']was found
17:51:14 [Test worker] INFO  application.MyListener - Start find element by -->By.xpath: //b[.='Save']
17:51:14 [Test worker] INFO  application.MyListener - The element -->By.xpath: //b[.='Save']was found
17:51:14 [Test worker] INFO  application.MyListener - Start find element by -->By.xpath: //h3
17:51:14 [Test worker] INFO  application.MyListener - The element -->By.xpath: //h3was found
123456307317:51:14 [Test worker] INFO  application.MyListener - Start find element by -->By.xpath: //a[.='ADD']
17:51:14 [Test worker] INFO  application.MyListener - The element -->By.xpath: //a[.='ADD']was found
17:51:14 [Test worker] INFO  application.MyListener - Start find element by -->By.cssSelector: [placeholder='Name']
17:51:14 [Test worker] INFO  application.MyListener - The element -->By.cssSelector: [placeholder='Name']was found
17:51:14 [Test worker] INFO  application.MyListener - Start find element by -->By.cssSelector: [placeholder='Last Name']
17:51:14 [Test worker] INFO  application.MyListener - The element -->By.cssSelector: [placeholder='Last Name']was found
17:51:15 [Test worker] INFO  application.MyListener - Start find element by -->By.cssSelector: [placeholder='Phone']
17:51:15 [Test worker] INFO  application.MyListener - The element -->By.cssSelector: [placeholder='Phone']was found
17:51:15 [Test worker] INFO  application.MyListener - Start find element by -->By.cssSelector: [placeholder='email']
17:51:15 [Test worker] INFO  application.MyListener - The element -->By.cssSelector: [placeholder='email']was found
17:51:15 [Test worker] INFO  application.MyListener - Start find element by -->By.cssSelector: [placeholder='Address']
17:51:15 [Test worker] INFO  application.MyListener - The element -->By.cssSelector: [placeholder='Address']was found
17:51:15 [Test worker] INFO  application.MyListener - Start find element by -->By.cssSelector: [placeholder='description']
17:51:15 [Test worker] INFO  application.MyListener - The element -->By.cssSelector: [placeholder='description']was found
17:51:15 [Test worker] INFO  application.MyListener - Start find element by -->By.xpath: //b[.='Save']
17:51:15 [Test worker] INFO  application.MyListener - The element -->By.xpath: //b[.='Save']was found
17:51:15 [Test worker] INFO  application.MyListener - Start find element by -->By.xpath: //h3
17:51:15 [Test worker] INFO  application.MyListener - The element -->By.xpath: //h3was found
123456307417:51:15 [Test worker] INFO  application.MyListener - Start find element by -->By.cssSelector: .contact-item_card__2SOIM
17:51:16 [Test worker] INFO  application.MyListener - The element -->By.cssSelector: .contact-item_card__2SOIMwas found
17:51:16 [Test worker] INFO  application.MyListener - Start find element by -->By.cssSelector: .contact-item_card__2SOIM
17:51:16 [Test worker] INFO  application.MyListener - The element -->By.cssSelector: .contact-item_card__2SOIMwas found
17:51:16 [Test worker] INFO  application.MyListener - Start find element by -->By.cssSelector: .contact-item_card__2SOIM
17:51:16 [Test worker] INFO  application.MyListener - The element -->By.cssSelector: .contact-item_card__2SOIMwas found
17:51:16 [Test worker] INFO  application.MyListener - Start find element by -->By.cssSelector: .contact-item_card__2SOIM
17:51:16 [Test worker] INFO  application.MyListener - The element -->By.cssSelector: .contact-item_card__2SOIMwas found
17:51:16 [Test worker] INFO  application.MyListener - Start find element by -->By.xpath: //button[.='Remove']
17:51:16 [Test worker] INFO  application.MyListener - The element -->By.xpath: //button[.='Remove']was found
17:51:18 [Test worker] INFO  application.MyListener - Start find element by -->By.cssSelector: .contact-item_card__2SOIM
17:51:18 [Test worker] INFO  application.MyListener - The element -->By.cssSelector: .contact-item_card__2SOIMwas found
17:51:18 [Test worker] INFO  application.MyListener - Start find element by -->By.cssSelector: .contact-item_card__2SOIM
17:51:18 [Test worker] INFO  application.MyListener - The element -->By.cssSelector: .contact-item_card__2SOIMwas found
17:51:18 [Test worker] INFO  application.MyListener - Start find element by -->By.cssSelector: .contact-item_card__2SOIM
17:51:18 [Test worker] INFO  application.MyListener - The element -->By.cssSelector: .contact-item_card__2SOIMwas found
17:51:18 [Test worker] INFO  application.MyListener - Start find element by -->By.cssSelector: .contact-item_card__2SOIM
17:51:18 [Test worker] INFO  application.MyListener - The element -->By.cssSelector: .contact-item_card__2SOIMwas found
17:51:18 [Test worker] INFO  application.MyListener - Start find element by -->By.xpath: //button[.='Remove']
17:51:18 [Test worker] INFO  application.MyListener - The element -->By.xpath: //button[.='Remove']was found
17:51:20 [Test worker] INFO  application.MyListener - Start find element by -->By.cssSelector: .contact-item_card__2SOIM
17:51:30 [Test worker] INFO  application.MyListener - The element -->By.cssSelector: .contact-item_card__2SOIMwas found
17:51:30 [Test worker] INFO  application.MyListener - Start find element by -->By.cssSelector: .contact-item_card__2SOIM
17:51:40 [Test worker] INFO  application.MyListener - The element -->By.cssSelector: .contact-item_card__2SOIMwas found
17:51:40 [Test worker] INFO  tests.TestBase - End of method --> addContactTestBase
17:51:40 [Test worker] INFO  tests.TestBase - Start method  --> addContactTestBase
17:51:40 [Test worker] INFO  application.MyListener - Start find element by -->By.xpath: //*[.='Sign Out']
17:51:40 [Test worker] INFO  application.MyListener - The element -->By.xpath: //*[.='Sign Out']was found
17:51:40 [Test worker] INFO  application.MyListener - Start find element by -->By.xpath: //a[.='ADD']
17:51:40 [Test worker] INFO  application.MyListener - The element -->By.xpath: //a[.='ADD']was found
17:51:40 [Test worker] INFO  application.MyListener - Start find element by -->By.cssSelector: [placeholder='Name']
17:51:40 [Test worker] INFO  application.MyListener - The element -->By.cssSelector: [placeholder='Name']was found
17:51:40 [Test worker] INFO  application.MyListener - Start find element by -->By.cssSelector: [placeholder='Last Name']
17:51:40 [Test worker] INFO  application.MyListener - The element -->By.cssSelector: [placeholder='Last Name']was found
17:51:40 [Test worker] INFO  application.MyListener - Start find element by -->By.cssSelector: [placeholder='Phone']
17:51:40 [Test worker] INFO  application.MyListener - The element -->By.cssSelector: [placeholder='Phone']was found
17:51:40 [Test worker] INFO  application.MyListener - Start find element by -->By.cssSelector: [placeholder='email']
17:51:40 [Test worker] INFO  application.MyListener - The element -->By.cssSelector: [placeholder='email']was found
17:51:41 [Test worker] INFO  application.MyListener - Start find element by -->By.cssSelector: [placeholder='Address']
17:51:41 [Test worker] INFO  application.MyListener - The element -->By.cssSelector: [placeholder='Address']was found
17:51:41 [Test worker] INFO  application.MyListener - Start find element by -->By.cssSelector: [placeholder='description']
17:51:41 [Test worker] INFO  application.MyListener - The element -->By.cssSelector: [placeholder='description']was found
17:51:41 [Test worker] INFO  application.MyListener - Start find element by -->By.xpath: //b[.='Save']
17:51:41 [Test worker] INFO  application.MyListener - The element -->By.xpath: //b[.='Save']was found
17:51:41 [Test worker] INFO  application.MyListener - Start find element by -->By.xpath: //h3
17:51:41 [Test worker] INFO  application.MyListener - The element -->By.xpath: //h3was found
123456310017:51:42 [Test worker] INFO  application.MyListener - Start find element by -->By.xpath: //a[.='ADD']
17:51:42 [Test worker] INFO  application.MyListener - The element -->By.xpath: //a[.='ADD']was found
17:51:42 [Test worker] INFO  application.MyListener - Start find element by -->By.cssSelector: [placeholder='Name']
17:51:42 [Test worker] INFO  application.MyListener - The element -->By.cssSelector: [placeholder='Name']was found
17:51:42 [Test worker] INFO  application.MyListener - Start find element by -->By.cssSelector: [placeholder='Last Name']
17:51:42 [Test worker] INFO  application.MyListener - The element -->By.cssSelector: [placeholder='Last Name']was found
17:51:42 [Test worker] INFO  application.MyListener - Start find element by -->By.cssSelector: [placeholder='Phone']
17:51:42 [Test worker] INFO  application.MyListener - The element -->By.cssSelector: [placeholder='Phone']was found
17:51:42 [Test worker] INFO  application.MyListener - Start find element by -->By.cssSelector: [placeholder='email']
17:51:42 [Test worker] INFO  application.MyListener - The element -->By.cssSelector: [placeholder='email']was found
17:51:42 [Test worker] INFO  application.MyListener - Start find element by -->By.cssSelector: [placeholder='Address']
17:51:42 [Test worker] INFO  application.MyListener - The element -->By.cssSelector: [placeholder='Address']was found
17:51:42 [Test worker] INFO  application.MyListener - Start find element by -->By.cssSelector: [placeholder='description']
17:51:42 [Test worker] INFO  application.MyListener - The element -->By.cssSelector: [placeholder='description']was found
17:51:42 [Test worker] INFO  application.MyListener - Start find element by -->By.xpath: //b[.='Save']
17:51:42 [Test worker] INFO  application.MyListener - The element -->By.xpath: //b[.='Save']was found
17:51:42 [Test worker] INFO  application.MyListener - Start find element by -->By.xpath: //h3
17:51:43 [Test worker] INFO  application.MyListener - The element -->By.xpath: //h3was found
123456310217:51:43 [Test worker] INFO  application.MyListener - Start find element by -->By.cssSelector: .contact-item_card__2SOIM
17:51:43 [Test worker] INFO  application.MyListener - The element -->By.cssSelector: .contact-item_card__2SOIMwas found
17:51:43 [Test worker] INFO  application.MyListener - Start find element by -->By.cssSelector: .contact-item_card__2SOIM
17:51:43 [Test worker] INFO  application.MyListener - The element -->By.cssSelector: .contact-item_card__2SOIMwas found
17:51:43 [Test worker] INFO  application.MyListener - Start find element by -->By.cssSelector: .contact-item_card__2SOIM
17:51:43 [Test worker] INFO  application.MyListener - The element -->By.cssSelector: .contact-item_card__2SOIMwas found
17:51:43 [Test worker] INFO  application.MyListener - Start find element by -->By.cssSelector: .contact-item_card__2SOIM
17:51:43 [Test worker] INFO  application.MyListener - The element -->By.cssSelector: .contact-item_card__2SOIMwas found
17:51:43 [Test worker] INFO  application.MyListener - Start find element by -->By.xpath: //button[.='Remove']
17:51:43 [Test worker] INFO  application.MyListener - The element -->By.xpath: //button[.='Remove']was found
17:51:45 [Test worker] INFO  application.MyListener - Start find element by -->By.cssSelector: .contact-item_card__2SOIM
17:51:45 [Test worker] INFO  application.MyListener - The element -->By.cssSelector: .contact-item_card__2SOIMwas found
17:51:45 [Test worker] INFO  application.MyListener - Start find element by -->By.cssSelector: .contact-item_card__2SOIM
17:51:45 [Test worker] INFO  application.MyListener - The element -->By.cssSelector: .contact-item_card__2SOIMwas found
17:51:45 [Test worker] INFO  application.MyListener - Start find element by -->By.cssSelector: .contact-item_card__2SOIM
17:51:45 [Test worker] INFO  application.MyListener - The element -->By.cssSelector: .contact-item_card__2SOIMwas found
17:51:45 [Test worker] INFO  application.MyListener - Start find element by -->By.cssSelector: .contact-item_card__2SOIM
17:51:45 [Test worker] INFO  application.MyListener - The element -->By.cssSelector: .contact-item_card__2SOIMwas found
17:51:45 [Test worker] INFO  application.MyListener - Start find element by -->By.xpath: //button[.='Remove']
17:51:45 [Test worker] INFO  application.MyListener - The element -->By.xpath: //button[.='Remove']was found
17:51:47 [Test worker] INFO  application.MyListener - Start find element by -->By.cssSelector: .contact-item_card__2SOIM
17:51:57 [Test worker] INFO  application.MyListener - The element -->By.cssSelector: .contact-item_card__2SOIMwas found
17:51:57 [Test worker] INFO  application.MyListener - Start find element by -->By.cssSelector: .contact-item_card__2SOIM
17:52:07 [Test worker] INFO  application.MyListener - The element -->By.cssSelector: .contact-item_card__2SOIMwas found
17:52:07 [Test worker] INFO  tests.TestBase - End of method --> addContactTestBase
17:52:07 [Test worker] INFO  tests.TestBase - Start method  --> addContactTestBase
17:52:07 [Test worker] INFO  application.MyListener - Start find element by -->By.xpath: //*[.='Sign Out']
17:52:07 [Test worker] INFO  application.MyListener - The element -->By.xpath: //*[.='Sign Out']was found
17:52:07 [Test worker] INFO  application.MyListener - Start find element by -->By.xpath: //a[.='ADD']
17:52:07 [Test worker] INFO  application.MyListener - The element -->By.xpath: //a[.='ADD']was found
17:52:07 [Test worker] INFO  application.MyListener - Start find element by -->By.cssSelector: [placeholder='Name']
17:52:07 [Test worker] INFO  application.MyListener - The element -->By.cssSelector: [placeholder='Name']was found
17:52:07 [Test worker] INFO  application.MyListener - Start find element by -->By.cssSelector: [placeholder='Last Name']
17:52:08 [Test worker] INFO  application.MyListener - The element -->By.cssSelector: [placeholder='Last Name']was found
17:52:08 [Test worker] INFO  application.MyListener - Start find element by -->By.cssSelector: [placeholder='Phone']
17:52:08 [Test worker] INFO  application.MyListener - The element -->By.cssSelector: [placeholder='Phone']was found
17:52:08 [Test worker] INFO  application.MyListener - Start find element by -->By.cssSelector: [placeholder='email']
17:52:08 [Test worker] INFO  application.MyListener - The element -->By.cssSelector: [placeholder='email']was found
17:52:08 [Test worker] INFO  application.MyListener - Start find element by -->By.cssSelector: [placeholder='Address']
17:52:08 [Test worker] INFO  application.MyListener - The element -->By.cssSelector: [placeholder='Address']was found
17:52:08 [Test worker] INFO  application.MyListener - Start find element by -->By.cssSelector: [placeholder='description']
17:52:08 [Test worker] INFO  application.MyListener - The element -->By.cssSelector: [placeholder='description']was found
17:52:08 [Test worker] INFO  application.MyListener - Start find element by -->By.xpath: //b[.='Save']
17:52:08 [Test worker] INFO  application.MyListener - The element -->By.xpath: //b[.='Save']was found
17:52:08 [Test worker] INFO  application.MyListener - Start find element by -->By.xpath: //h3
17:52:09 [Test worker] INFO  application.MyListener - The element -->By.xpath: //h3was found
123456312717:52:09 [Test worker] INFO  application.MyListener - Start find element by -->By.xpath: //a[.='ADD']
17:52:09 [Test worker] INFO  application.MyListener - The element -->By.xpath: //a[.='ADD']was found
17:52:09 [Test worker] INFO  application.MyListener - Start find element by -->By.cssSelector: [placeholder='Name']
17:52:09 [Test worker] INFO  application.MyListener - The element -->By.cssSelector: [placeholder='Name']was found
17:52:09 [Test worker] INFO  application.MyListener - Start find element by -->By.cssSelector: [placeholder='Last Name']
17:52:09 [Test worker] INFO  application.MyListener - The element -->By.cssSelector: [placeholder='Last Name']was found
17:52:09 [Test worker] INFO  application.MyListener - Start find element by -->By.cssSelector: [placeholder='Phone']
17:52:09 [Test worker] INFO  application.MyListener - The element -->By.cssSelector: [placeholder='Phone']was found
17:52:09 [Test worker] INFO  application.MyListener - Start find element by -->By.cssSelector: [placeholder='email']
17:52:09 [Test worker] INFO  application.MyListener - The element -->By.cssSelector: [placeholder='email']was found
17:52:09 [Test worker] INFO  application.MyListener - Start find element by -->By.cssSelector: [placeholder='Address']
17:52:10 [Test worker] INFO  application.MyListener - The element -->By.cssSelector: [placeholder='Address']was found
17:52:10 [Test worker] INFO  application.MyListener - Start find element by -->By.cssSelector: [placeholder='description']
17:52:10 [Test worker] INFO  application.MyListener - The element -->By.cssSelector: [placeholder='description']was found
17:52:10 [Test worker] INFO  application.MyListener - Start find element by -->By.xpath: //b[.='Save']
17:52:10 [Test worker] INFO  application.MyListener - The element -->By.xpath: //b[.='Save']was found
17:52:10 [Test worker] INFO  application.MyListener - Start find element by -->By.xpath: //h3
17:52:10 [Test worker] INFO  application.MyListener - The element -->By.xpath: //h3was found
123456312917:52:10 [Test worker] INFO  application.MyListener - Start find element by -->By.cssSelector: .contact-item_card__2SOIM
17:52:10 [Test worker] INFO  application.MyListener - The element -->By.cssSelector: .contact-item_card__2SOIMwas found
17:52:10 [Test worker] INFO  application.MyListener - Start find element by -->By.cssSelector: .contact-item_card__2SOIM
17:52:10 [Test worker] INFO  application.MyListener - The element -->By.cssSelector: .contact-item_card__2SOIMwas found
17:52:10 [Test worker] INFO  application.MyListener - Start find element by -->By.cssSelector: .contact-item_card__2SOIM
17:52:10 [Test worker] INFO  application.MyListener - The element -->By.cssSelector: .contact-item_card__2SOIMwas found
17:52:10 [Test worker] INFO  application.MyListener - Start find element by -->By.cssSelector: .contact-item_card__2SOIM
17:52:11 [Test worker] INFO  application.MyListener - The element -->By.cssSelector: .contact-item_card__2SOIMwas found
17:52:11 [Test worker] INFO  application.MyListener - Start find element by -->By.xpath: //button[.='Remove']
17:52:11 [Test worker] INFO  application.MyListener - The element -->By.xpath: //button[.='Remove']was found
17:52:13 [Test worker] INFO  application.MyListener - Start find element by -->By.cssSelector: .contact-item_card__2SOIM
17:52:13 [Test worker] INFO  application.MyListener - The element -->By.cssSelector: .contact-item_card__2SOIMwas found
17:52:13 [Test worker] INFO  application.MyListener - Start find element by -->By.cssSelector: .contact-item_card__2SOIM
17:52:13 [Test worker] INFO  application.MyListener - The element -->By.cssSelector: .contact-item_card__2SOIMwas found
17:52:13 [Test worker] INFO  application.MyListener - Start find element by -->By.cssSelector: .contact-item_card__2SOIM
17:52:13 [Test worker] INFO  application.MyListener - The element -->By.cssSelector: .contact-item_card__2SOIMwas found
17:52:13 [Test worker] INFO  application.MyListener - Start find element by -->By.cssSelector: .contact-item_card__2SOIM
17:52:13 [Test worker] INFO  application.MyListener - The element -->By.cssSelector: .contact-item_card__2SOIMwas found
17:52:13 [Test worker] INFO  application.MyListener - Start find element by -->By.xpath: //button[.='Remove']
17:52:13 [Test worker] INFO  application.MyListener - The element -->By.xpath: //button[.='Remove']was found
17:52:15 [Test worker] INFO  application.MyListener - Start find element by -->By.cssSelector: .contact-item_card__2SOIM
17:52:25 [Test worker] INFO  application.MyListener - The element -->By.cssSelector: .contact-item_card__2SOIMwas found
17:52:25 [Test worker] INFO  application.MyListener - Start find element by -->By.cssSelector: .contact-item_card__2SOIM
17:52:35 [Test worker] INFO  application.MyListener - The element -->By.cssSelector: .contact-item_card__2SOIMwas found
17:52:35 [Test worker] INFO  tests.TestBase - End of method --> addContactTestBase
17:52:35 [Test worker] INFO  tests.TestBase - Start method  --> addContactTestBase
17:52:35 [Test worker] INFO  application.MyListener - Start find element by -->By.xpath: //*[.='Sign Out']
17:52:35 [Test worker] INFO  application.MyListener - The element -->By.xpath: //*[.='Sign Out']was found
17:52:35 [Test worker] INFO  application.MyListener - Start find element by -->By.xpath: //a[.='ADD']
17:52:35 [Test worker] INFO  application.MyListener - The element -->By.xpath: //a[.='ADD']was found
17:52:35 [Test worker] INFO  application.MyListener - Start find element by -->By.cssSelector: [placeholder='Name']
17:52:35 [Test worker] INFO  application.MyListener - The element -->By.cssSelector: [placeholder='Name']was found
17:52:35 [Test worker] INFO  application.MyListener - Start find element by -->By.cssSelector: [placeholder='Last Name']
17:52:35 [Test worker] INFO  application.MyListener - The element -->By.cssSelector: [placeholder='Last Name']was found
17:52:35 [Test worker] INFO  application.MyListener - Start find element by -->By.cssSelector: [placeholder='Phone']
17:52:35 [Test worker] INFO  application.MyListener - The element -->By.cssSelector: [placeholder='Phone']was found
17:52:36 [Test worker] INFO  application.MyListener - Start find element by -->By.cssSelector: [placeholder='email']
17:52:36 [Test worker] INFO  application.MyListener - The element -->By.cssSelector: [placeholder='email']was found
17:52:36 [Test worker] INFO  application.MyListener - Start find element by -->By.cssSelector: [placeholder='Address']
17:52:36 [Test worker] INFO  application.MyListener - The element -->By.cssSelector: [placeholder='Address']was found
17:52:36 [Test worker] INFO  application.MyListener - Start find element by -->By.cssSelector: [placeholder='description']
17:52:36 [Test worker] INFO  application.MyListener - The element -->By.cssSelector: [placeholder='description']was found
17:52:36 [Test worker] INFO  application.MyListener - Start find element by -->By.xpath: //b[.='Save']
17:52:36 [Test worker] INFO  application.MyListener - The element -->By.xpath: //b[.='Save']was found
17:52:36 [Test worker] INFO  application.MyListener - Start find element by -->By.xpath: //h3
17:52:37 [Test worker] INFO  application.MyListener - The element -->By.xpath: //h3was found
123456315517:52:37 [Test worker] INFO  application.MyListener - Start find element by -->By.xpath: //a[.='ADD']
17:52:37 [Test worker] INFO  application.MyListener - The element -->By.xpath: //a[.='ADD']was found
17:52:37 [Test worker] INFO  application.MyListener - Start find element by -->By.cssSelector: [placeholder='Name']
17:52:37 [Test worker] INFO  application.MyListener - The element -->By.cssSelector: [placeholder='Name']was found
17:52:37 [Test worker] INFO  application.MyListener - Start find element by -->By.cssSelector: [placeholder='Last Name']
17:52:37 [Test worker] INFO  application.MyListener - The element -->By.cssSelector: [placeholder='Last Name']was found
17:52:37 [Test worker] INFO  application.MyListener - Start find element by -->By.cssSelector: [placeholder='Phone']
17:52:37 [Test worker] INFO  application.MyListener - The element -->By.cssSelector: [placeholder='Phone']was found
17:52:37 [Test worker] INFO  application.MyListener - Start find element by -->By.cssSelector: [placeholder='email']
17:52:37 [Test worker] INFO  application.MyListener - The element -->By.cssSelector: [placeholder='email']was found
17:52:37 [Test worker] INFO  application.MyListener - Start find element by -->By.cssSelector: [placeholder='Address']
17:52:37 [Test worker] INFO  application.MyListener - The element -->By.cssSelector: [placeholder='Address']was found
17:52:38 [Test worker] INFO  application.MyListener - Start find element by -->By.cssSelector: [placeholder='description']
17:52:38 [Test worker] INFO  application.MyListener - The element -->By.cssSelector: [placeholder='description']was found
17:52:38 [Test worker] INFO  application.MyListener - Start find element by -->By.xpath: //b[.='Save']
17:52:38 [Test worker] INFO  application.MyListener - The element -->By.xpath: //b[.='Save']was found
17:52:38 [Test worker] INFO  application.MyListener - Start find element by -->By.xpath: //h3
17:52:38 [Test worker] INFO  application.MyListener - The element -->By.xpath: //h3was found
123456315717:52:38 [Test worker] INFO  application.MyListener - Start find element by -->By.cssSelector: .contact-item_card__2SOIM
17:52:38 [Test worker] INFO  application.MyListener - The element -->By.cssSelector: .contact-item_card__2SOIMwas found
17:52:38 [Test worker] INFO  application.MyListener - Start find element by -->By.cssSelector: .contact-item_card__2SOIM
17:52:38 [Test worker] INFO  application.MyListener - The element -->By.cssSelector: .contact-item_card__2SOIMwas found
17:52:38 [Test worker] INFO  application.MyListener - Start find element by -->By.cssSelector: .contact-item_card__2SOIM
17:52:38 [Test worker] INFO  application.MyListener - The element -->By.cssSelector: .contact-item_card__2SOIMwas found
17:52:38 [Test worker] INFO  application.MyListener - Start find element by -->By.cssSelector: .contact-item_card__2SOIM
17:52:38 [Test worker] INFO  application.MyListener - The element -->By.cssSelector: .contact-item_card__2SOIMwas found
17:52:38 [Test worker] INFO  application.MyListener - Start find element by -->By.xpath: //button[.='Remove']
17:52:38 [Test worker] INFO  application.MyListener - The element -->By.xpath: //button[.='Remove']was found
17:52:40 [Test worker] INFO  application.MyListener - Start find element by -->By.cssSelector: .contact-item_card__2SOIM
17:52:40 [Test worker] INFO  application.MyListener - The element -->By.cssSelector: .contact-item_card__2SOIMwas found
17:52:40 [Test worker] INFO  application.MyListener - Start find element by -->By.cssSelector: .contact-item_card__2SOIM
17:52:40 [Test worker] INFO  application.MyListener - The element -->By.cssSelector: .contact-item_card__2SOIMwas found
17:52:40 [Test worker] INFO  application.MyListener - Start find element by -->By.cssSelector: .contact-item_card__2SOIM
17:52:40 [Test worker] INFO  application.MyListener - The element -->By.cssSelector: .contact-item_card__2SOIMwas found
17:52:40 [Test worker] INFO  application.MyListener - Start find element by -->By.cssSelector: .contact-item_card__2SOIM
17:52:40 [Test worker] INFO  application.MyListener - The element -->By.cssSelector: .contact-item_card__2SOIMwas found
17:52:40 [Test worker] INFO  application.MyListener - Start find element by -->By.xpath: //button[.='Remove']
17:52:40 [Test worker] INFO  application.MyListener - The element -->By.xpath: //button[.='Remove']was found
17:52:42 [Test worker] INFO  application.MyListener - Start find element by -->By.cssSelector: .contact-item_card__2SOIM
17:52:53 [Test worker] INFO  application.MyListener - The element -->By.cssSelector: .contact-item_card__2SOIMwas found
17:52:53 [Test worker] INFO  application.MyListener - Start find element by -->By.cssSelector: .contact-item_card__2SOIM
17:53:03 [Test worker] INFO  application.MyListener - The element -->By.cssSelector: .contact-item_card__2SOIMwas found
17:53:03 [Test worker] INFO  tests.TestBase - End of method --> addContactTestBase
17:53:03 [Test worker] INFO  tests.TestBase - Start method  --> addContactTestBase
17:53:03 [Test worker] INFO  application.MyListener - Start find element by -->By.xpath: //*[.='Sign Out']
17:53:03 [Test worker] INFO  application.MyListener - The element -->By.xpath: //*[.='Sign Out']was found
17:53:03 [Test worker] INFO  application.MyListener - Start find element by -->By.xpath: //a[.='ADD']
17:53:03 [Test worker] INFO  application.MyListener - The element -->By.xpath: //a[.='ADD']was found
[...]
17:54:27 [Test worker] INFO  application.MyListener - The element -->By.xpath: //a[.='ADD']was found
17:54:27 [Test worker] INFO  application.MyListener - Start find element by -->By.cssSelector: [placeholder='Name']
17:54:27 [Test worker] INFO  application.MyListener - The element -->By.cssSelector: [placeholder='Name']was found
17:54:27 [Test worker] INFO  application.MyListener - Start find element by -->By.cssSelector: [placeholder='Last Name']
17:54:27 [Test worker] INFO  application.MyListener - The element -->By.cssSelector: [placeholder='Last Name']was found
17:54:27 [Test worker] INFO  application.MyListener - Start find element by -->By.cssSelector: [placeholder='Phone']
17:54:27 [Test worker] INFO  application.MyListener - The element -->By.cssSelector: [placeholder='Phone']was found
17:54:28 [Test worker] INFO  application.MyListener - Start find element by -->By.cssSelector: [placeholder='email']
17:54:28 [Test worker] INFO  application.MyListener - The element -->By.cssSelector: [placeholder='email']was found
17:54:28 [Test worker] INFO  application.MyListener - Start find element by -->By.cssSelector: [placeholder='Address']
17:54:28 [Test worker] INFO  application.MyListener - The element -->By.cssSelector: [placeholder='Address']was found
17:54:28 [Test worker] INFO  application.MyListener - Start find element by -->By.cssSelector: [placeholder='description']
17:54:28 [Test worker] INFO  application.MyListener - The element -->By.cssSelector: [placeholder='description']was found
17:54:28 [Test worker] INFO  application.MyListener - Start find element by -->By.xpath: //b[.='Save']
17:54:28 [Test worker] INFO  application.MyListener - The element -->By.xpath: //b[.='Save']was found
17:54:28 [Test worker] INFO  application.MyListener - Start find element by -->By.xpath: //h3
17:54:28 [Test worker] INFO  application.MyListener - The element -->By.xpath: //h3was found
kira11@gmail.com17:54:28 [Test worker] INFO  application.MyListener - Start find element by -->By.cssSelector: .contact-item_card__2SOIM
17:54:28 [Test worker] INFO  application.MyListener - The element -->By.cssSelector: .contact-item_card__2SOIMwas found
17:54:28 [Test worker] INFO  application.MyListener - Start find element by -->By.cssSelector: .contact-item_card__2SOIM
17:54:28 [Test worker] INFO  application.MyListener - The element -->By.cssSelector: .contact-item_card__2SOIMwas found
17:54:28 [Test worker] INFO  application.MyListener - Start find element by -->By.cssSelector: .contact-item_card__2SOIM
17:54:28 [Test worker] INFO  application.MyListener - The element -->By.cssSelector: .contact-item_card__2SOIMwas found
17:54:28 [Test worker] INFO  application.MyListener - Start find element by -->By.cssSelector: .contact-item_card__2SOIM
17:54:28 [Test worker] INFO  application.MyListener - The element -->By.cssSelector: .contact-item_card__2SOIMwas found
17:54:28 [Test worker] INFO  application.MyListener - Start find element by -->By.xpath: //button[.='Remove']
17:54:28 [Test worker] INFO  application.MyListener - The element -->By.xpath: //button[.='Remove']was found
17:54:31 [Test worker] INFO  application.MyListener - Start find element by -->By.cssSelector: .contact-item_card__2SOIM
17:54:31 [Test worker] INFO  application.MyListener - The element -->By.cssSelector: .contact-item_card__2SOIMwas found
17:54:31 [Test worker] INFO  application.MyListener - Start find element by -->By.cssSelector: .contact-item_card__2SOIM
17:54:31 [Test worker] INFO  application.MyListener - The element -->By.cssSelector: .contact-item_card__2SOIMwas found
17:54:31 [Test worker] INFO  application.MyListener - Start find element by -->By.cssSelector: .contact-item_card__2SOIM
17:54:31 [Test worker] INFO  application.MyListener - The element -->By.cssSelector: .contact-item_card__2SOIMwas found
17:54:31 [Test worker] INFO  application.MyListener - Start find element by -->By.cssSelector: .contact-item_card__2SOIM
17:54:31 [Test worker] INFO  application.MyListener - The element -->By.cssSelector: .contact-item_card__2SOIMwas found
17:54:31 [Test worker] INFO  application.MyListener - Start find element by -->By.xpath: //button[.='Remove']
17:54:31 [Test worker] INFO  application.MyListener - The element -->By.xpath: //button[.='Remove']was found
17:54:33 [Test worker] INFO  application.MyListener - Start find element by -->By.cssSelector: .contact-item_card__2SOIM
17:54:43 [Test worker] INFO  application.MyListener - The element -->By.cssSelector: .contact-item_card__2SOIMwas found
17:54:43 [Test worker] INFO  application.MyListener - Start find element by -->By.cssSelector: .contact-item_card__2SOIM
17:54:53 [Test worker] INFO  application.MyListener - The element -->By.cssSelector: .contact-item_card__2SOIMwas found
17:54:53 [Test worker] INFO  tests.TestBase - End of method --> addContactTestDataProvider
17:54:53 [Test worker] INFO  tests.TestBase - Start method  --> addContactTestDataProvider
17:54:53 [Test worker] INFO  application.MyListener - Start find element by -->By.xpath: //*[.='Sign Out']
17:54:53 [Test worker] INFO  application.MyListener - The element -->By.xpath: //*[.='Sign Out']was found
17:54:53 [Test worker] INFO  application.MyListener - Start find element by -->By.xpath: //a[.='ADD']
17:54:53 [Test worker] INFO  application.MyListener - The element -->By.xpath: //a[.='ADD']was found
17:54:53 [Test worker] INFO  application.MyListener - Start find element by -->By.cssSelector: [placeholder='Name']
17:54:53 [Test worker] INFO  application.MyListener - The element -->By.cssSelector: [placeholder='Name']was found
17:54:53 [Test worker] INFO  application.MyListener - Start find element by -->By.cssSelector: [placeholder='Last Name']
17:54:53 [Test worker] INFO  application.MyListener - The element -->By.cssSelector: [placeholder='Last Name']was found
17:54:53 [Test worker] INFO  application.MyListener - Start find element by -->By.cssSelector: [placeholder='Phone']
17:54:53 [Test worker] INFO  application.MyListener - The element -->By.cssSelector: [placeholder='Phone']was found
17:54:53 [Test worker] INFO  application.MyListener - Start find element by -->By.cssSelector: [placeholder='email']
17:54:53 [Test worker] INFO  application.MyListener - The element -->By.cssSelector: [placeholder='email']was found
17:54:53 [Test worker] INFO  application.MyListener - Start find element by -->By.cssSelector: [placeholder='Address']
17:54:53 [Test worker] INFO  application.MyListener - The element -->By.cssSelector: [placeholder='Address']was found
17:54:54 [Test worker] INFO  application.MyListener - Start find element by -->By.cssSelector: [placeholder='description']
17:54:54 [Test worker] INFO  application.MyListener - The element -->By.cssSelector: [placeholder='description']was found
17:54:54 [Test worker] INFO  application.MyListener - Start find element by -->By.xpath: //b[.='Save']
17:54:54 [Test worker] INFO  application.MyListener - The element -->By.xpath: //b[.='Save']was found
17:54:54 [Test worker] INFO  application.MyListener - Start find element by -->By.xpath: //h3
17:54:54 [Test worker] INFO  application.MyListener - The element -->By.xpath: //h3was found
123456329317:54:54 [Test worker] INFO  application.MyListener - Start find element by -->By.xpath: //a[.='ADD']
17:54:54 [Test worker] INFO  application.MyListener - The element -->By.xpath: //a[.='ADD']was found
17:54:54 [Test worker] INFO  application.MyListener - Start find element by -->By.cssSelector: [placeholder='Name']
17:54:54 [Test worker] INFO  application.MyListener - The element -->By.cssSelector: [placeholder='Name']was found
17:54:54 [Test worker] INFO  application.MyListener - Start find element by -->By.cssSelector: [placeholder='Last Name']
17:54:54 [Test worker] INFO  application.MyListener - The element -->By.cssSelector: [placeholder='Last Name']was found
17:54:55 [Test worker] INFO  application.MyListener - Start find element by -->By.cssSelector: [placeholder='Phone']
17:54:55 [Test worker] INFO  application.MyListener - The element -->By.cssSelector: [placeholder='Phone']was found
17:54:55 [Test worker] INFO  application.MyListener - Start find element by -->By.cssSelector: [placeholder='email']
17:54:55 [Test worker] INFO  application.MyListener - The element -->By.cssSelector: [placeholder='email']was found
17:54:55 [Test worker] INFO  application.MyListener - Start find element by -->By.cssSelector: [placeholder='Address']
17:54:55 [Test worker] INFO  application.MyListener - The element -->By.cssSelector: [placeholder='Address']was found
17:54:55 [Test worker] INFO  application.MyListener - Start find element by -->By.cssSelector: [placeholder='description']
17:54:55 [Test worker] INFO  application.MyListener - The element -->By.cssSelector: [placeholder='description']was found
17:54:55 [Test worker] INFO  application.MyListener - Start find element by -->By.xpath: //b[.='Save']
17:54:55 [Test worker] INFO  application.MyListener - The element -->By.xpath: //b[.='Save']was found
17:54:55 [Test worker] INFO  application.MyListener - Start find element by -->By.xpath: //h3
17:54:56 [Test worker] INFO  application.MyListener - The element -->By.xpath: //h3was found
kira12@gmail.com17:54:56 [Test worker] INFO  application.MyListener - Start find element by -->By.cssSelector: .contact-item_card__2SOIM
17:54:56 [Test worker] INFO  application.MyListener - The element -->By.cssSelector: .contact-item_card__2SOIMwas found
17:54:56 [Test worker] INFO  application.MyListener - Start find element by -->By.cssSelector: .contact-item_card__2SOIM
17:54:56 [Test worker] INFO  application.MyListener - The element -->By.cssSelector: .contact-item_card__2SOIMwas found
17:54:56 [Test worker] INFO  application.MyListener - Start find element by -->By.cssSelector: .contact-item_card__2SOIM
17:54:56 [Test worker] INFO  application.MyListener - The element -->By.cssSelector: .contact-item_card__2SOIMwas found
17:54:56 [Test worker] INFO  application.MyListener - Start find element by -->By.cssSelector: .contact-item_card__2SOIM
17:54:56 [Test worker] INFO  application.MyListener - The element -->By.cssSelector: .contact-item_card__2SOIMwas found
17:54:56 [Test worker] INFO  application.MyListener - Start find element by -->By.xpath: //button[.='Remove']
17:54:56 [Test worker] INFO  application.MyListener - The element -->By.xpath: //button[.='Remove']was found
17:54:58 [Test worker] INFO  application.MyListener - Start find element by -->By.cssSelector: .contact-item_card__2SOIM
17:54:58 [Test worker] INFO  application.MyListener - The element -->By.cssSelector: .contact-item_card__2SOIMwas found
17:54:58 [Test worker] INFO  application.MyListener - Start find element by -->By.cssSelector: .contact-item_card__2SOIM
17:54:58 [Test worker] INFO  application.MyListener - The element -->By.cssSelector: .contact-item_card__2SOIMwas found
17:54:58 [Test worker] INFO  application.MyListener - Start find element by -->By.cssSelector: .contact-item_card__2SOIM
17:54:58 [Test worker] INFO  application.MyListener - The element -->By.cssSelector: .contact-item_card__2SOIMwas found
17:54:58 [Test worker] INFO  application.MyListener - Start find element by -->By.cssSelector: .contact-item_card__2SOIM
17:54:58 [Test worker] INFO  application.MyListener - The element -->By.cssSelector: .contact-item_card__2SOIMwas found
17:54:58 [Test worker] INFO  application.MyListener - Start find element by -->By.xpath: //button[.='Remove']
17:54:58 [Test worker] INFO  application.MyListener - The element -->By.xpath: //button[.='Remove']was found
17:55:00 [Test worker] INFO  application.MyListener - Start find element by -->By.cssSelector: .contact-item_card__2SOIM
17:55:10 [Test worker] INFO  application.MyListener - The element -->By.cssSelector: .contact-item_card__2SOIMwas found
17:55:10 [Test worker] INFO  application.MyListener - Start find element by -->By.cssSelector: .contact-item_card__2SOIM
17:55:20 [Test worker] INFO  application.MyListener - The element -->By.cssSelector: .contact-item_card__2SOIMwas found
17:55:20 [Test worker] INFO  tests.TestBase - End of method --> addContactTestDataProvider
17:55:20 [Test worker] INFO  tests.TestBase - Start method  --> addContactTestDataProvider
17:55:20 [Test worker] INFO  application.MyListener - Start find element by -->By.xpath: //*[.='Sign Out']
17:55:20 [Test worker] INFO  application.MyListener - The element -->By.xpath: //*[.='Sign Out']was found
17:55:20 [Test worker] INFO  application.MyListener - Start find element by -->By.xpath: //a[.='ADD']
17:55:20 [Test worker] INFO  application.MyListener - The element -->By.xpath: //a[.='ADD']was found
17:55:20 [Test worker] INFO  application.MyListener - Start find element by -->By.cssSelector: [placeholder='Name']
17:55:20 [Test worker] INFO  application.MyListener - The element -->By.cssSelector: [placeholder='Name']was found
17:55:20 [Test worker] INFO  application.MyListener - Start find element by -->By.cssSelector: [placeholder='Last Name']
17:55:20 [Test worker] INFO  application.MyListener - The element -->By.cssSelector: [placeholder='Last Name']was found
17:55:21 [Test worker] INFO  application.MyListener - Start find element by -->By.cssSelector: [placeholder='Phone']
17:55:21 [Test worker] INFO  application.MyListener - The element -->By.cssSelector: [placeholder='Phone']was found
17:55:21 [Test worker] INFO  application.MyListener - Start find element by -->By.cssSelector: [placeholder='email']
17:55:21 [Test worker] INFO  application.MyListener - The element -->By.cssSelector: [placeholder='email']was found
17:55:21 [Test worker] INFO  application.MyListener - Start find element by -->By.cssSelector: [placeholder='Address']
17:55:21 [Test worker] INFO  application.MyListener - The element -->By.cssSelector: [placeholder='Address']was found
17:55:21 [Test worker] INFO  application.MyListener - Start find element by -->By.cssSelector: [placeholder='description']
17:55:21 [Test worker] INFO  application.MyListener - The element -->By.cssSelector: [placeholder='description']was found
17:55:21 [Test worker] INFO  application.MyListener - Start find element by -->By.xpath: //b[.='Save']
17:55:21 [Test worker] INFO  application.MyListener - The element -->By.xpath: //b[.='Save']was found
17:55:21 [Test worker] INFO  application.MyListener - Start find element by -->By.xpath: //h3
17:55:22 [Test worker] INFO  application.MyListener - The element -->By.xpath: //h3was found
123456332017:55:22 [Test worker] INFO  application.MyListener - Start find element by -->By.xpath: //a[.='ADD']
17:55:22 [Test worker] INFO  application.MyListener - The element -->By.xpath: //a[.='ADD']was found
17:55:22 [Test worker] INFO  application.MyListener - Start find element by -->By.cssSelector: [placeholder='Name']
17:55:22 [Test worker] INFO  application.MyListener - The element -->By.cssSelector: [placeholder='Name']was found
17:55:22 [Test worker] INFO  application.MyListener - Start find element by -->By.cssSelector: [placeholder='Last Name']
17:55:22 [Test worker] INFO  application.MyListener - The element -->By.cssSelector: [placeholder='Last Name']was found
17:55:22 [Test worker] INFO  application.MyListener - Start find element by -->By.cssSelector: [placeholder='Phone']
17:55:22 [Test worker] INFO  application.MyListener - The element -->By.cssSelector: [placeholder='Phone']was found
17:55:22 [Test worker] INFO  application.MyListener - Start find element by -->By.cssSelector: [placeholder='email']
17:55:22 [Test worker] INFO  application.MyListener - The element -->By.cssSelector: [placeholder='email']was found
17:55:22 [Test worker] INFO  application.MyListener - Start find element by -->By.cssSelector: [placeholder='Address']
17:55:22 [Test worker] INFO  application.MyListener - The element -->By.cssSelector: [placeholder='Address']was found
17:55:22 [Test worker] INFO  application.MyListener - Start find element by -->By.cssSelector: [placeholder='description']
17:55:22 [Test worker] INFO  application.MyListener - The element -->By.cssSelector: [placeholder='description']was found
17:55:23 [Test worker] INFO  application.MyListener - Start find element by -->By.xpath: //b[.='Save']
17:55:23 [Test worker] INFO  application.MyListener - The element -->By.xpath: //b[.='Save']was found
17:55:23 [Test worker] INFO  application.MyListener - Start find element by -->By.xpath: //h3
17:55:23 [Test worker] INFO  application.MyListener - The element -->By.xpath: //h3was found
kira13@gmail.com17:55:23 [Test worker] INFO  application.MyListener - Start find element by -->By.cssSelector: .contact-item_card__2SOIM
17:55:23 [Test worker] INFO  application.MyListener - The element -->By.cssSelector: .contact-item_card__2SOIMwas found
17:55:23 [Test worker] INFO  application.MyListener - Start find element by -->By.cssSelector: .contact-item_card__2SOIM
17:55:23 [Test worker] INFO  application.MyListener - The element -->By.cssSelector: .contact-item_card__2SOIMwas found
17:55:23 [Test worker] INFO  application.MyListener - Start find element by -->By.cssSelector: .contact-item_card__2SOIM
17:55:23 [Test worker] INFO  application.MyListener - The element -->By.cssSelector: .contact-item_card__2SOIMwas found
17:55:23 [Test worker] INFO  application.MyListener - Start find element by -->By.cssSelector: .contact-item_card__2SOIM
17:55:23 [Test worker] INFO  application.MyListener - The element -->By.cssSelector: .contact-item_card__2SOIMwas found
17:55:23 [Test worker] INFO  application.MyListener - Start find element by -->By.xpath: //button[.='Remove']
17:55:23 [Test worker] INFO  application.MyListener - The element -->By.xpath: //button[.='Remove']was found
17:55:25 [Test worker] INFO  application.MyListener - Start find element by -->By.cssSelector: .contact-item_card__2SOIM
17:55:25 [Test worker] INFO  application.MyListener - The element -->By.cssSelector: .contact-item_card__2SOIMwas found
17:55:25 [Test worker] INFO  application.MyListener - Start find element by -->By.cssSelector: .contact-item_card__2SOIM
17:55:25 [Test worker] INFO  application.MyListener - The element -->By.cssSelector: .contact-item_card__2SOIMwas found
17:55:25 [Test worker] INFO  application.MyListener - Start find element by -->By.cssSelector: .contact-item_card__2SOIM
17:55:25 [Test worker] INFO  application.MyListener - The element -->By.cssSelector: .contact-item_card__2SOIMwas found
17:55:25 [Test worker] INFO  application.MyListener - Start find element by -->By.cssSelector: .contact-item_card__2SOIM
17:55:25 [Test worker] INFO  application.MyListener - The element -->By.cssSelector: .contact-item_card__2SOIMwas found
17:55:25 [Test worker] INFO  application.MyListener - Start find element by -->By.xpath: //button[.='Remove']
17:55:25 [Test worker] INFO  application.MyListener - The element -->By.xpath: //button[.='Remove']was found
17:55:27 [Test worker] INFO  application.MyListener - Start find element by -->By.cssSelector: .contact-item_card__2SOIM
17:55:37 [Test worker] INFO  application.MyListener - The element -->By.cssSelector: .contact-item_card__2SOIMwas found
17:55:37 [Test worker] INFO  application.MyListener - Start find element by -->By.cssSelector: .contact-item_card__2SOIM
17:55:47 [Test worker] INFO  application.MyListener - The element -->By.cssSelector: .contact-item_card__2SOIMwas found
17:55:47 [Test worker] INFO  tests.TestBase - End of method --> addContactTestDataProvider
]]></system-out>
  <system-err><![CDATA[Starting ChromeDriver 92.0.4515.107 (87a818b10553a07434ea9e2b6dccf3cbe7895134-refs/branch-heads/4515@{#1634}) on port 44809
Only local connections are allowed.
Please see https://chromedriver.chromium.org/security-considerations for suggestions on keeping ChromeDriver safe.
ChromeDriver was started successfully.
Aug 12, 2021 5:48:56 PM org.openqa.selenium.remote.ProtocolHandshake createSession
INFO: Detected dialect: W3C
]]></system-err>
</testsuite>
