<?xml version="1.0" encoding="UTF-8"?>
<testsuite name="tests.AddContactTest" tests="15" skipped="0" failures="0" errors="0" timestamp="2021-08-20T11:12:53" hostname="WIN-VLIAFR1P8UG" time="357.284">
  <properties/>
  <testcase name="NegativeAddContactWithoutEmail" classname="tests.AddContactTest" time="1.77"/>
  <testcase name="NegativeAddContactWithoutPhone" classname="tests.AddContactTest" time="0.892"/>
  <testcase name="NegativeAddSameContact" classname="tests.AddContactTest" time="3.872"/>
  <testcase name="addContactTestBase" classname="tests.AddContactTest" time="1.305"/>
  <testcase name="addContactTestBase" classname="tests.AddContactTest" time="1.326"/>
  <testcase name="addContactTestBase" classname="tests.AddContactTest" time="1.186"/>
  <testcase name="addContactTestBase" classname="tests.AddContactTest" time="1.793"/>
  <testcase name="addContactTestBase" classname="tests.AddContactTest" time="1.702"/>
  <testcase name="addContactTestBase" classname="tests.AddContactTest" time="1.301"/>
  <testcase name="addContactTestBase" classname="tests.AddContactTest" time="1.28"/>
  <testcase name="addContactTestCSV[0](Contact(name=Mona, lastname=Dow, email=dow2@gmail.com, phone=9877776503, address=Haifa Herzel3, description=university friend))" classname="tests.AddContactTest" time="1.308"/>
  <testcase name="addContactTestCSV[1](Contact(name=Mona, lastname=Dow, email=dow3@gmail.com, phone=9877776665, address=Haifa Herzel3, description=university friend))" classname="tests.AddContactTest" time="2.056"/>
  <testcase name="addContactTestDataProvider[0](Kira, Rozhkova, 1111111111, kira11@gmail.com, Tel Aviv, neighbor)" classname="tests.AddContactTest" time="1.225"/>
  <testcase name="addContactTestDataProvider[1](Kira, Rozhkova, 1111111112, kira12@gmail.com, Tel Aviv, neighbor)" classname="tests.AddContactTest" time="1.277"/>
  <testcase name="addContactTestDataProvider[2](Kira, Rozhkova, 1111111113, kira13@gmail.com, Tel Aviv, neighbor)" classname="tests.AddContactTest" time="1.327"/>
  <system-out><![CDATA[14:12:38 [Test worker] INFO  application.AppManager - Start in browser CHROME
14:12:40 [Test worker] INFO  tests.TestBase - Start method  --> NegativeAddContactWithoutEmail
14:12:40 [Test worker] INFO  application.MyListener - Start find element by -->By.xpath: //*[.='Sign Out']
14:12:50 [Test worker] INFO  application.MyListener - The element -->By.xpath: //*[.='Sign Out']was found
14:12:50 [Test worker] INFO  application.MyListener - Start find element by -->By.xpath: //a[.='LOGIN']
14:12:50 [Test worker] INFO  application.MyListener - The element -->By.xpath: //a[.='LOGIN']was found
14:12:50 [Test worker] INFO  application.MyListener - Start find element by -->By.xpath: //input[@placeholder='Email']
14:12:50 [Test worker] INFO  application.MyListener - The element -->By.xpath: //input[@placeholder='Email']was found
14:12:51 [Test worker] INFO  application.MyListener - Start find element by -->By.xpath: //input[@placeholder='Password']
14:12:51 [Test worker] INFO  application.MyListener - The element -->By.xpath: //input[@placeholder='Password']was found
14:12:51 [Test worker] INFO  application.MyListener - Start find element by -->By.xpath: //button[.=' Login']
14:12:51 [Test worker] INFO  application.MyListener - The element -->By.xpath: //button[.=' Login']was found
14:12:51 [Test worker] INFO  application.MyListener - Start find element by -->By.xpath: //*[.='ADD']
14:12:52 [Test worker] INFO  application.MyListener - The element -->By.xpath: //*[.='ADD']was found
14:12:52 [Test worker] INFO  application.MyListener - Start find element by -->By.xpath: //a[.='ADD']
14:12:52 [Test worker] INFO  application.MyListener - The element -->By.xpath: //a[.='ADD']was found
14:12:52 [Test worker] INFO  application.MyListener - Start find element by -->By.cssSelector: [placeholder='Name']
14:12:52 [Test worker] INFO  application.MyListener - The element -->By.cssSelector: [placeholder='Name']was found
14:12:52 [Test worker] INFO  application.MyListener - Start find element by -->By.cssSelector: [placeholder='Last Name']
14:12:52 [Test worker] INFO  application.MyListener - The element -->By.cssSelector: [placeholder='Last Name']was found
14:12:52 [Test worker] INFO  application.MyListener - Start find element by -->By.cssSelector: [placeholder='Phone']
14:12:52 [Test worker] INFO  application.MyListener - The element -->By.cssSelector: [placeholder='Phone']was found
14:12:52 [Test worker] INFO  application.MyListener - Start find element by -->By.cssSelector: [placeholder='email']
14:12:52 [Test worker] INFO  application.MyListener - The element -->By.cssSelector: [placeholder='email']was found
14:12:52 [Test worker] INFO  application.MyListener - Start find element by -->By.cssSelector: [placeholder='Address']
14:12:52 [Test worker] INFO  application.MyListener - The element -->By.cssSelector: [placeholder='Address']was found
14:12:52 [Test worker] INFO  application.MyListener - Start find element by -->By.cssSelector: [placeholder='description']
14:12:52 [Test worker] INFO  application.MyListener - The element -->By.cssSelector: [placeholder='description']was found
14:12:53 [Test worker] INFO  application.MyListener - Start find element by -->By.xpath: //b[.='Save']
14:12:53 [Test worker] INFO  application.MyListener - The element -->By.xpath: //b[.='Save']was found
14:12:53 [Test worker] INFO  application.MyListener - Start find element by -->By.xpath: //h3
14:12:53 [Test worker] INFO  application.MyListener - The element -->By.xpath: //h3was found
12345677214:12:53 [Test worker] INFO  application.MyListener - Start find element by -->By.xpath: //a[.='ADD']
14:12:53 [Test worker] INFO  application.MyListener - The element -->By.xpath: //a[.='ADD']was found
14:12:53 [Test worker] INFO  application.MyListener - Start find element by -->By.cssSelector: [placeholder='Name']
14:12:53 [Test worker] INFO  application.MyListener - The element -->By.cssSelector: [placeholder='Name']was found
14:12:53 [Test worker] INFO  application.MyListener - Start find element by -->By.cssSelector: [placeholder='Last Name']
14:12:53 [Test worker] INFO  application.MyListener - The element -->By.cssSelector: [placeholder='Last Name']was found
14:12:53 [Test worker] INFO  application.MyListener - Start find element by -->By.cssSelector: [placeholder='Phone']
14:12:54 [Test worker] INFO  application.MyListener - The element -->By.cssSelector: [placeholder='Phone']was found
14:12:54 [Test worker] INFO  application.MyListener - Start find element by -->By.cssSelector: [placeholder='email']
14:12:54 [Test worker] INFO  application.MyListener - The element -->By.cssSelector: [placeholder='email']was found
14:12:54 [Test worker] INFO  application.MyListener - Start find element by -->By.cssSelector: [placeholder='Address']
14:12:54 [Test worker] INFO  application.MyListener - The element -->By.cssSelector: [placeholder='Address']was found
14:12:54 [Test worker] INFO  application.MyListener - Start find element by -->By.cssSelector: [placeholder='description']
14:12:54 [Test worker] INFO  application.MyListener - The element -->By.cssSelector: [placeholder='description']was found
14:12:54 [Test worker] INFO  application.MyListener - Start find element by -->By.xpath: //b[.='Save']
14:12:54 [Test worker] INFO  application.MyListener - The element -->By.xpath: //b[.='Save']was found
14:12:54 [Test worker] INFO  application.MyListener - Start find element by -->By.xpath: //a[.='ADD']
14:12:54 [Test worker] INFO  application.MyListener - The element -->By.xpath: //a[.='ADD']was found
14:12:54 [Test worker] INFO  application.MyListener - Start find element by -->By.cssSelector: [placeholder='Name']
14:12:54 [Test worker] INFO  application.MyListener - The element -->By.cssSelector: [placeholder='Name']was found
14:12:54 [Test worker] INFO  application.MyListener - Start find element by -->By.cssSelector: [placeholder='Last Name']
14:12:54 [Test worker] INFO  application.MyListener - The element -->By.cssSelector: [placeholder='Last Name']was found
14:12:54 [Test worker] INFO  application.MyListener - Start find element by -->By.cssSelector: [placeholder='Phone']
14:12:54 [Test worker] INFO  application.MyListener - The element -->By.cssSelector: [placeholder='Phone']was found
14:12:55 [Test worker] INFO  application.MyListener - Start find element by -->By.cssSelector: [placeholder='email']
14:12:55 [Test worker] INFO  application.MyListener - The element -->By.cssSelector: [placeholder='email']was found
14:12:55 [Test worker] INFO  application.MyListener - Start find element by -->By.cssSelector: [placeholder='Address']
14:12:55 [Test worker] INFO  application.MyListener - The element -->By.cssSelector: [placeholder='Address']was found
14:12:55 [Test worker] INFO  application.MyListener - Start find element by -->By.cssSelector: [placeholder='description']
14:12:55 [Test worker] INFO  application.MyListener - The element -->By.cssSelector: [placeholder='description']was found
14:12:55 [Test worker] INFO  application.MyListener - Start find element by -->By.xpath: //b[.='Save']
14:12:55 [Test worker] INFO  application.MyListener - The element -->By.xpath: //b[.='Save']was found
14:12:55 [Test worker] INFO  application.MyListener - Start find element by -->By.cssSelector: .contact-item_card__2SOIM
14:13:05 [Test worker] INFO  application.MyListener - The element -->By.cssSelector: .contact-item_card__2SOIMwas found
14:13:05 [Test worker] INFO  tests.TestBase - End of method --> NegativeAddContactWithoutEmail
14:13:05 [Test worker] INFO  tests.TestBase - Start method  --> NegativeAddContactWithoutPhone
14:13:05 [Test worker] INFO  application.MyListener - Start find element by -->By.xpath: //*[.='Sign Out']
14:13:05 [Test worker] INFO  application.MyListener - The element -->By.xpath: //*[.='Sign Out']was found
14:13:05 [Test worker] INFO  application.MyListener - Start find element by -->By.xpath: //a[.='ADD']
14:13:05 [Test worker] INFO  application.MyListener - The element -->By.xpath: //a[.='ADD']was found
14:13:05 [Test worker] INFO  application.MyListener - Start find element by -->By.cssSelector: [placeholder='Name']
14:13:05 [Test worker] INFO  application.MyListener - The element -->By.cssSelector: [placeholder='Name']was found
14:13:05 [Test worker] INFO  application.MyListener - Start find element by -->By.cssSelector: [placeholder='Last Name']
14:13:05 [Test worker] INFO  application.MyListener - The element -->By.cssSelector: [placeholder='Last Name']was found
14:13:05 [Test worker] INFO  application.MyListener - Start find element by -->By.cssSelector: [placeholder='Phone']
14:13:05 [Test worker] INFO  application.MyListener - The element -->By.cssSelector: [placeholder='Phone']was found
14:13:06 [Test worker] INFO  application.MyListener - Start find element by -->By.cssSelector: [placeholder='email']
14:13:06 [Test worker] INFO  application.MyListener - The element -->By.cssSelector: [placeholder='email']was found
14:13:06 [Test worker] INFO  application.MyListener - Start find element by -->By.cssSelector: [placeholder='Address']
14:13:06 [Test worker] INFO  application.MyListener - The element -->By.cssSelector: [placeholder='Address']was found
14:13:06 [Test worker] INFO  application.MyListener - Start find element by -->By.cssSelector: [placeholder='description']
14:13:06 [Test worker] INFO  application.MyListener - The element -->By.cssSelector: [placeholder='description']was found
14:13:06 [Test worker] INFO  application.MyListener - Start find element by -->By.xpath: //b[.='Save']
14:13:06 [Test worker] INFO  application.MyListener - The element -->By.xpath: //b[.='Save']was found
14:13:06 [Test worker] INFO  application.MyListener - Start find element by -->By.xpath: //h3
14:13:07 [Test worker] INFO  application.MyListener - The element -->By.xpath: //h3was found
12345678514:13:07 [Test worker] INFO  application.MyListener - Start find element by -->By.xpath: //a[.='ADD']
14:13:07 [Test worker] INFO  application.MyListener - The element -->By.xpath: //a[.='ADD']was found
14:13:07 [Test worker] INFO  application.MyListener - Start find element by -->By.cssSelector: [placeholder='Name']
14:13:07 [Test worker] INFO  application.MyListener - The element -->By.cssSelector: [placeholder='Name']was found
14:13:07 [Test worker] INFO  application.MyListener - Start find element by -->By.cssSelector: [placeholder='Last Name']
14:13:07 [Test worker] INFO  application.MyListener - The element -->By.cssSelector: [placeholder='Last Name']was found
14:13:07 [Test worker] INFO  application.MyListener - Start find element by -->By.cssSelector: [placeholder='Phone']
14:13:07 [Test worker] INFO  application.MyListener - The element -->By.cssSelector: [placeholder='Phone']was found
14:13:07 [Test worker] INFO  application.MyListener - Start find element by -->By.cssSelector: [placeholder='email']
14:13:07 [Test worker] INFO  application.MyListener - The element -->By.cssSelector: [placeholder='email']was found
14:13:07 [Test worker] INFO  application.MyListener - Start find element by -->By.cssSelector: [placeholder='Address']
14:13:07 [Test worker] INFO  application.MyListener - The element -->By.cssSelector: [placeholder='Address']was found
14:13:07 [Test worker] INFO  application.MyListener - Start find element by -->By.cssSelector: [placeholder='description']
14:13:08 [Test worker] INFO  application.MyListener - The element -->By.cssSelector: [placeholder='description']was found
14:13:08 [Test worker] INFO  application.MyListener - Start find element by -->By.xpath: //b[.='Save']
14:13:08 [Test worker] INFO  application.MyListener - The element -->By.xpath: //b[.='Save']was found
14:13:08 [Test worker] INFO  application.MyListener - Start find element by -->By.cssSelector: .contact-item_card__2SOIM
14:13:18 [Test worker] INFO  application.MyListener - The element -->By.cssSelector: .contact-item_card__2SOIMwas found
14:13:18 [Test worker] INFO  tests.TestBase - End of method --> NegativeAddContactWithoutPhone
14:13:18 [Test worker] INFO  tests.TestBase - Start method  --> NegativeAddSameContact
14:13:18 [Test worker] INFO  application.MyListener - Start find element by -->By.xpath: //*[.='Sign Out']
14:13:18 [Test worker] INFO  application.MyListener - The element -->By.xpath: //*[.='Sign Out']was found
14:13:18 [Test worker] INFO  application.MyListener - Start find element by -->By.xpath: //a[.='ADD']
14:13:18 [Test worker] INFO  application.MyListener - The element -->By.xpath: //a[.='ADD']was found
14:13:18 [Test worker] INFO  application.MyListener - Start find element by -->By.cssSelector: [placeholder='Name']
14:13:18 [Test worker] INFO  application.MyListener - The element -->By.cssSelector: [placeholder='Name']was found
14:13:18 [Test worker] INFO  application.MyListener - Start find element by -->By.cssSelector: [placeholder='Last Name']
14:13:18 [Test worker] INFO  application.MyListener - The element -->By.cssSelector: [placeholder='Last Name']was found
14:13:18 [Test worker] INFO  application.MyListener - Start find element by -->By.cssSelector: [placeholder='Phone']
14:13:18 [Test worker] INFO  application.MyListener - The element -->By.cssSelector: [placeholder='Phone']was found
14:13:18 [Test worker] INFO  application.MyListener - Start find element by -->By.cssSelector: [placeholder='email']
14:13:18 [Test worker] INFO  application.MyListener - The element -->By.cssSelector: [placeholder='email']was found
14:13:18 [Test worker] INFO  application.MyListener - Start find element by -->By.cssSelector: [placeholder='Address']
14:13:18 [Test worker] INFO  application.MyListener - The element -->By.cssSelector: [placeholder='Address']was found
14:13:19 [Test worker] INFO  application.MyListener - Start find element by -->By.cssSelector: [placeholder='description']
14:13:19 [Test worker] INFO  application.MyListener - The element -->By.cssSelector: [placeholder='description']was found
14:13:19 [Test worker] INFO  application.MyListener - Start find element by -->By.xpath: //b[.='Save']
14:13:19 [Test worker] INFO  application.MyListener - The element -->By.xpath: //b[.='Save']was found
14:13:19 [Test worker] INFO  application.MyListener - Start find element by -->By.xpath: //h3
14:13:19 [Test worker] INFO  application.MyListener - The element -->By.xpath: //h3was found
12345679814:13:19 [Test worker] INFO  application.MyListener - Start find element by -->By.xpath: //a[.='ADD']
14:13:19 [Test worker] INFO  application.MyListener - The element -->By.xpath: //a[.='ADD']was found
14:13:19 [Test worker] INFO  application.MyListener - Start find element by -->By.cssSelector: [placeholder='Name']
14:13:19 [Test worker] INFO  application.MyListener - The element -->By.cssSelector: [placeholder='Name']was found
14:13:20 [Test worker] INFO  application.MyListener - Start find element by -->By.cssSelector: [placeholder='Last Name']
14:13:20 [Test worker] INFO  application.MyListener - The element -->By.cssSelector: [placeholder='Last Name']was found
14:13:20 [Test worker] INFO  application.MyListener - Start find element by -->By.cssSelector: [placeholder='Phone']
14:13:20 [Test worker] INFO  application.MyListener - The element -->By.cssSelector: [placeholder='Phone']was found
14:13:20 [Test worker] INFO  application.MyListener - Start find element by -->By.cssSelector: [placeholder='email']
14:13:20 [Test worker] INFO  application.MyListener - The element -->By.cssSelector: [placeholder='email']was found
14:13:20 [Test worker] INFO  application.MyListener - Start find element by -->By.cssSelector: [placeholder='Address']
14:13:20 [Test worker] INFO  application.MyListener - The element -->By.cssSelector: [placeholder='Address']was found
14:13:20 [Test worker] INFO  application.MyListener - Start find element by -->By.cssSelector: [placeholder='description']
14:13:20 [Test worker] INFO  application.MyListener - The element -->By.cssSelector: [placeholder='description']was found
14:13:20 [Test worker] INFO  application.MyListener - Start find element by -->By.xpath: //b[.='Save']
14:13:20 [Test worker] INFO  application.MyListener - The element -->By.xpath: //b[.='Save']was found
14:13:22 [Test worker] INFO  application.MyListener - Start find element by -->By.xpath: //a[.='ADD']
14:13:22 [Test worker] INFO  application.MyListener - The element -->By.xpath: //a[.='ADD']was found
14:13:22 [Test worker] INFO  application.MyListener - Start find element by -->By.cssSelector: [placeholder='Name']
14:13:22 [Test worker] INFO  application.MyListener - The element -->By.cssSelector: [placeholder='Name']was found
14:13:23 [Test worker] INFO  application.MyListener - Start find element by -->By.cssSelector: [placeholder='Last Name']
14:13:23 [Test worker] INFO  application.MyListener - The element -->By.cssSelector: [placeholder='Last Name']was found
14:13:23 [Test worker] INFO  application.MyListener - Start find element by -->By.cssSelector: [placeholder='Phone']
14:13:23 [Test worker] INFO  application.MyListener - The element -->By.cssSelector: [placeholder='Phone']was found
14:13:23 [Test worker] INFO  application.MyListener - Start find element by -->By.cssSelector: [placeholder='email']
14:13:23 [Test worker] INFO  application.MyListener - The element -->By.cssSelector: [placeholder='email']was found
14:13:23 [Test worker] INFO  application.MyListener - Start find element by -->By.cssSelector: [placeholder='Address']
14:13:23 [Test worker] INFO  application.MyListener - The element -->By.cssSelector: [placeholder='Address']was found
14:13:23 [Test worker] INFO  application.MyListener - Start find element by -->By.cssSelector: [placeholder='description']
14:13:23 [Test worker] INFO  application.MyListener - The element -->By.cssSelector: [placeholder='description']was found
14:13:23 [Test worker] INFO  application.MyListener - Start find element by -->By.xpath: //b[.='Save']
14:13:23 [Test worker] INFO  application.MyListener - The element -->By.xpath: //b[.='Save']was found
14:13:23 [Test worker] INFO  application.MyListener - Start find element by -->By.cssSelector: .contact-item_card__2SOIM
14:13:33 [Test worker] INFO  application.MyListener - The element -->By.cssSelector: .contact-item_card__2SOIMwas found
14:13:33 [Test worker] INFO  tests.TestBase - End of method --> NegativeAddSameContact
14:13:33 [Test worker] INFO  tests.TestBase - Start method  --> addContactTestBase
14:13:33 [Test worker] INFO  application.MyListener - Start find element by -->By.xpath: //*[.='Sign Out']
14:13:33 [Test worker] INFO  application.MyListener - The element -->By.xpath: //*[.='Sign Out']was found
14:13:33 [Test worker] INFO  application.MyListener - Start find element by -->By.xpath: //a[.='ADD']
14:13:33 [Test worker] INFO  application.MyListener - The element -->By.xpath: //a[.='ADD']was found
14:13:33 [Test worker] INFO  application.MyListener - Start find element by -->By.cssSelector: [placeholder='Name']
14:13:33 [Test worker] INFO  application.MyListener - The element -->By.cssSelector: [placeholder='Name']was found
14:13:33 [Test worker] INFO  application.MyListener - Start find element by -->By.cssSelector: [placeholder='Last Name']
14:13:34 [Test worker] INFO  application.MyListener - The element -->By.cssSelector: [placeholder='Last Name']was found
14:13:34 [Test worker] INFO  application.MyListener - Start find element by -->By.cssSelector: [placeholder='Phone']
14:13:34 [Test worker] INFO  application.MyListener - The element -->By.cssSelector: [placeholder='Phone']was found
14:13:34 [Test worker] INFO  application.MyListener - Start find element by -->By.cssSelector: [placeholder='email']
14:13:34 [Test worker] INFO  application.MyListener - The element -->By.cssSelector: [placeholder='email']was found
14:13:34 [Test worker] INFO  application.MyListener - Start find element by -->By.cssSelector: [placeholder='Address']
14:13:34 [Test worker] INFO  application.MyListener - The element -->By.cssSelector: [placeholder='Address']was found
14:13:34 [Test worker] INFO  application.MyListener - Start find element by -->By.cssSelector: [placeholder='description']
14:13:34 [Test worker] INFO  application.MyListener - The element -->By.cssSelector: [placeholder='description']was found
14:13:34 [Test worker] INFO  application.MyListener - Start find element by -->By.xpath: //b[.='Save']
14:13:34 [Test worker] INFO  application.MyListener - The element -->By.xpath: //b[.='Save']was found
14:13:34 [Test worker] INFO  application.MyListener - Start find element by -->By.xpath: //h3
14:13:35 [Test worker] INFO  application.MyListener - The element -->By.xpath: //h3was found
12345681314:13:35 [Test worker] INFO  application.MyListener - Start find element by -->By.xpath: //a[.='ADD']
14:13:35 [Test worker] INFO  application.MyListener - The element -->By.xpath: //a[.='ADD']was found
14:13:35 [Test worker] INFO  application.MyListener - Start find element by -->By.cssSelector: [placeholder='Name']
14:13:35 [Test worker] INFO  application.MyListener - The element -->By.cssSelector: [placeholder='Name']was found
14:13:35 [Test worker] INFO  application.MyListener - Start find element by -->By.cssSelector: [placeholder='Last Name']
14:13:35 [Test worker] INFO  application.MyListener - The element -->By.cssSelector: [placeholder='Last Name']was found
14:13:35 [Test worker] INFO  application.MyListener - Start find element by -->By.cssSelector: [placeholder='Phone']
14:13:35 [Test worker] INFO  application.MyListener - The element -->By.cssSelector: [placeholder='Phone']was found
14:13:35 [Test worker] INFO  application.MyListener - Start find element by -->By.cssSelector: [placeholder='email']
14:13:35 [Test worker] INFO  application.MyListener - The element -->By.cssSelector: [placeholder='email']was found
14:13:35 [Test worker] INFO  application.MyListener - Start find element by -->By.cssSelector: [placeholder='Address']
14:13:35 [Test worker] INFO  application.MyListener - The element -->By.cssSelector: [placeholder='Address']was found
14:13:36 [Test worker] INFO  application.MyListener - Start find element by -->By.cssSelector: [placeholder='description']
14:13:36 [Test worker] INFO  application.MyListener - The element -->By.cssSelector: [placeholder='description']was found
14:13:36 [Test worker] INFO  application.MyListener - Start find element by -->By.xpath: //b[.='Save']
14:13:36 [Test worker] INFO  application.MyListener - The element -->By.xpath: //b[.='Save']was found
14:13:36 [Test worker] INFO  application.MyListener - Start find element by -->By.xpath: //h3
14:13:36 [Test worker] INFO  application.MyListener - The element -->By.xpath: //h3was found
12345681514:13:36 [Test worker] INFO  application.MyListener - Start find element by -->By.cssSelector: .contact-item_card__2SOIM
14:13:36 [Test worker] INFO  application.MyListener - The element -->By.cssSelector: .contact-item_card__2SOIMwas found
14:13:36 [Test worker] INFO  application.MyListener - Start find element by -->By.cssSelector: .contact-item_card__2SOIM
14:13:36 [Test worker] INFO  application.MyListener - The element -->By.cssSelector: .contact-item_card__2SOIMwas found
14:13:36 [Test worker] INFO  application.MyListener - Start find element by -->By.cssSelector: .contact-item_card__2SOIM
14:13:36 [Test worker] INFO  application.MyListener - The element -->By.cssSelector: .contact-item_card__2SOIMwas found
14:13:36 [Test worker] INFO  application.MyListener - Start find element by -->By.cssSelector: .contact-item_card__2SOIM
14:13:36 [Test worker] INFO  application.MyListener - The element -->By.cssSelector: .contact-item_card__2SOIMwas found
14:13:36 [Test worker] INFO  application.MyListener - Start find element by -->By.xpath: //button[.='Remove']
14:13:36 [Test worker] INFO  application.MyListener - The element -->By.xpath: //button[.='Remove']was found
14:13:38 [Test worker] INFO  application.MyListener - Start find element by -->By.cssSelector: .contact-item_card__2SOIM
14:13:38 [Test worker] INFO  application.MyListener - The element -->By.cssSelector: .contact-item_card__2SOIMwas found
14:13:38 [Test worker] INFO  application.MyListener - Start find element by -->By.cssSelector: .contact-item_card__2SOIM
14:13:38 [Test worker] INFO  application.MyListener - The element -->By.cssSelector: .contact-item_card__2SOIMwas found
14:13:38 [Test worker] INFO  application.MyListener - Start find element by -->By.cssSelector: .contact-item_card__2SOIM
14:13:38 [Test worker] INFO  application.MyListener - The element -->By.cssSelector: .contact-item_card__2SOIMwas found
14:13:38 [Test worker] INFO  application.MyListener - Start find element by -->By.cssSelector: .contact-item_card__2SOIM
14:13:38 [Test worker] INFO  application.MyListener - The element -->By.cssSelector: .contact-item_card__2SOIMwas found
14:13:39 [Test worker] INFO  application.MyListener - Start find element by -->By.xpath: //button[.='Remove']
14:13:39 [Test worker] INFO  application.MyListener - The element -->By.xpath: //button[.='Remove']was found
14:13:41 [Test worker] INFO  application.MyListener - Start find element by -->By.cssSelector: .contact-item_card__2SOIM
14:13:41 [Test worker] INFO  application.MyListener - The element -->By.cssSelector: .contact-item_card__2SOIMwas found
14:13:41 [Test worker] INFO  application.MyListener - Start find element by -->By.cssSelector: .contact-item_card__2SOIM
14:13:41 [Test worker] INFO  application.MyListener - The element -->By.cssSelector: .contact-item_card__2SOIMwas found
14:13:41 [Test worker] INFO  application.MyListener - Start find element by -->By.cssSelector: .contact-item_card__2SOIM
14:13:41 [Test worker] INFO  application.MyListener - The element -->By.cssSelector: .contact-item_card__2SOIMwas found
14:13:41 [Test worker] INFO  application.MyListener - Start find element by -->By.cssSelector: .contact-item_card__2SOIM
14:13:41 [Test worker] INFO  application.MyListener - The element -->By.cssSelector: .contact-item_card__2SOIMwas found
14:13:41 [Test worker] INFO  application.MyListener - Start find element by -->By.xpath: //button[.='Remove']
14:13:41 [Test worker] INFO  application.MyListener - The element -->By.xpath: //button[.='Remove']was found
14:13:43 [Test worker] INFO  application.MyListener - Start find element by -->By.cssSelector: .contact-item_card__2SOIM
14:13:43 [Test worker] INFO  application.MyListener - The element -->By.cssSelector: .contact-item_card__2SOIMwas found
14:13:43 [Test worker] INFO  application.MyListener - Start find element by -->By.cssSelector: .contact-item_card__2SOIM
14:13:43 [Test worker] INFO  application.MyListener - The element -->By.cssSelector: .contact-item_card__2SOIMwas found
14:13:43 [Test worker] INFO  application.MyListener - Start find element by -->By.cssSelector: .contact-item_card__2SOIM
14:13:43 [Test worker] INFO  application.MyListener - The element -->By.cssSelector: .contact-item_card__2SOIMwas found
14:13:43 [Test worker] INFO  application.MyListener - Start find element by -->By.cssSelector: .contact-item_card__2SOIM
14:13:43 [Test worker] INFO  application.MyListener - The element -->By.cssSelector: .contact-item_card__2SOIMwas found
14:13:43 [Test worker] INFO  application.MyListener - Start find element by -->By.xpath: //button[.='Remove']
14:13:43 [Test worker] INFO  application.MyListener - The element -->By.xpath: //button[.='Remove']was found
14:13:45 [Test worker] INFO  application.MyListener - Start find element by -->By.cssSelector: .contact-item_card__2SOIM
14:13:45 [Test worker] INFO  application.MyListener - The element -->By.cssSelector: .contact-item_card__2SOIMwas found
14:13:45 [Test worker] INFO  application.MyListener - Start find element by -->By.cssSelector: .contact-item_card__2SOIM
14:13:45 [Test worker] INFO  application.MyListener - The element -->By.cssSelector: .contact-item_card__2SOIMwas found
14:13:45 [Test worker] INFO  application.MyListener - Start find element by -->By.cssSelector: .contact-item_card__2SOIM
14:13:45 [Test worker] INFO  application.MyListener - The element -->By.cssSelector: .contact-item_card__2SOIMwas found
14:13:45 [Test worker] INFO  application.MyListener - Start find element by -->By.cssSelector: .contact-item_card__2SOIM
14:13:45 [Test worker] INFO  application.MyListener - The element -->By.cssSelector: .contact-item_card__2SOIMwas found
14:13:45 [Test worker] INFO  application.MyListener - Start find element by -->By.xpath: //button[.='Remove']
14:13:45 [Test worker] INFO  application.MyListener - The element -->By.xpath: //button[.='Remove']was found
14:13:47 [Test worker] INFO  application.MyListener - Start find element by -->By.cssSelector: .contact-item_card__2SOIM
14:13:47 [Test worker] INFO  application.MyListener - The element -->By.cssSelector: .contact-item_card__2SOIMwas found
14:13:47 [Test worker] INFO  application.MyListener - Start find element by -->By.cssSelector: .contact-item_card__2SOIM
14:13:47 [Test worker] INFO  application.MyListener - The element -->By.cssSelector: .contact-item_card__2SOIMwas found
14:13:47 [Test worker] INFO  application.MyListener - Start find element by -->By.cssSelector: .contact-item_card__2SOIM
14:13:47 [Test worker] INFO  application.MyListener - The element -->By.cssSelector: .contact-item_card__2SOIMwas found
14:13:47 [Test worker] INFO  application.MyListener - Start find element by -->By.cssSelector: .contact-item_card__2SOIM
14:13:47 [Test worker] INFO  application.MyListener - The element -->By.cssSelector: .contact-item_card__2SOIMwas found
14:13:47 [Test worker] INFO  application.MyListener - Start find element by -->By.xpath: //button[.='Remove']
14:13:47 [Test worker] INFO  application.MyListener - The element -->By.xpath: //button[.='Remove']was found
14:13:49 [Test worker] INFO  application.MyListener - Start find element by -->By.cssSelector: .contact-item_card__2SOIM
14:13:49 [Test worker] INFO  application.MyListener - The element -->By.cssSelector: .contact-item_card__2SOIMwas found
14:13:49 [Test worker] INFO  application.MyListener - Start find element by -->By.cssSelector: .contact-item_card__2SOIM
14:13:49 [Test worker] INFO  application.MyListener - The element -->By.cssSelector: .contact-item_card__2SOIMwas found
14:13:49 [Test worker] INFO  application.MyListener - Start find element by -->By.cssSelector: .contact-item_card__2SOIM
14:13:49 [Test worker] INFO  application.MyListener - The element -->By.cssSelector: .contact-item_card__2SOIMwas found
14:13:49 [Test worker] INFO  application.MyListener - Start find element by -->By.cssSelector: .contact-item_card__2SOIM
14:13:49 [Test worker] INFO  application.MyListener - The element -->By.cssSelector: .contact-item_card__2SOIMwas found
14:13:49 [Test worker] INFO  application.MyListener - Start find element by -->By.xpath: //button[.='Remove']
14:13:49 [Test worker] INFO  application.MyListener - The element -->By.xpath: //button[.='Remove']was found
14:13:52 [Test worker] INFO  application.MyListener - Start find element by -->By.cssSelector: .contact-item_card__2SOIM
14:14:02 [Test worker] INFO  application.MyListener - The element -->By.cssSelector: .contact-item_card__2SOIMwas found
14:14:02 [Test worker] INFO  application.MyListener - Start find element by -->By.cssSelector: .contact-item_card__2SOIM
14:14:12 [Test worker] INFO  application.MyListener - The element -->By.cssSelector: .contact-item_card__2SOIMwas found
14:14:12 [Test worker] INFO  tests.TestBase - End of method --> addContactTestBase
14:14:12 [Test worker] INFO  tests.TestBase - Start method  --> addContactTestBase
14:14:12 [Test worker] INFO  application.MyListener - Start find element by -->By.xpath: //*[.='Sign Out']
14:14:12 [Test worker] INFO  application.MyListener - The element -->By.xpath: //*[.='Sign Out']was found
14:14:12 [Test worker] INFO  application.MyListener - Start find element by -->By.xpath: //a[.='ADD']
14:14:12 [Test worker] INFO  application.MyListener - The element -->By.xpath: //a[.='ADD']was found
14:14:12 [Test worker] INFO  application.MyListener - Start find element by -->By.cssSelector: [placeholder='Name']
14:14:12 [Test worker] INFO  application.MyListener - The element -->By.cssSelector: [placeholder='Name']was found
14:14:12 [Test worker] INFO  application.MyListener - Start find element by -->By.cssSelector: [placeholder='Last Name']
14:14:12 [Test worker] INFO  application.MyListener - The element -->By.cssSelector: [placeholder='Last Name']was found
14:14:12 [Test worker] INFO  application.MyListener - Start find element by -->By.cssSelector: [placeholder='Phone']
14:14:12 [Test worker] INFO  application.MyListener - The element -->By.cssSelector: [placeholder='Phone']was found
14:14:12 [Test worker] INFO  application.MyListener - Start find element by -->By.cssSelector: [placeholder='email']
14:14:12 [Test worker] INFO  application.MyListener - The element -->By.cssSelector: [placeholder='email']was found
14:14:12 [Test worker] INFO  application.MyListener - Start find element by -->By.cssSelector: [placeholder='Address']
14:14:12 [Test worker] INFO  application.MyListener - The element -->By.cssSelector: [placeholder='Address']was found
14:14:12 [Test worker] INFO  application.MyListener - Start find element by -->By.cssSelector: [placeholder='description']
14:14:12 [Test worker] INFO  application.MyListener - The element -->By.cssSelector: [placeholder='description']was found
14:14:12 [Test worker] INFO  application.MyListener - Start find element by -->By.xpath: //b[.='Save']
14:14:13 [Test worker] INFO  application.MyListener - The element -->By.xpath: //b[.='Save']was found
14:14:13 [Test worker] INFO  application.MyListener - Start find element by -->By.xpath: //h3
14:14:13 [Test worker] INFO  application.MyListener - The element -->By.xpath: //h3was found
12345685214:14:13 [Test worker] INFO  application.MyListener - Start find element by -->By.xpath: //a[.='ADD']
14:14:13 [Test worker] INFO  application.MyListener - The element -->By.xpath: //a[.='ADD']was found
14:14:14 [Test worker] INFO  application.MyListener - Start find element by -->By.cssSelector: [placeholder='Name']
14:14:14 [Test worker] INFO  application.MyListener - The element -->By.cssSelector: [placeholder='Name']was found
14:14:14 [Test worker] INFO  application.MyListener - Start find element by -->By.cssSelector: [placeholder='Last Name']
14:14:14 [Test worker] INFO  application.MyListener - The element -->By.cssSelector: [placeholder='Last Name']was found
14:14:14 [Test worker] INFO  application.MyListener - Start find element by -->By.cssSelector: [placeholder='Phone']
14:14:14 [Test worker] INFO  application.MyListener - The element -->By.cssSelector: [placeholder='Phone']was found
14:14:14 [Test worker] INFO  application.MyListener - Start find element by -->By.cssSelector: [placeholder='email']
14:14:14 [Test worker] INFO  application.MyListener - The element -->By.cssSelector: [placeholder='email']was found
14:14:14 [Test worker] INFO  application.MyListener - Start find element by -->By.cssSelector: [placeholder='Address']
14:14:14 [Test worker] INFO  application.MyListener - The element -->By.cssSelector: [placeholder='Address']was found
14:14:14 [Test worker] INFO  application.MyListener - Start find element by -->By.cssSelector: [placeholder='description']
14:14:14 [Test worker] INFO  application.MyListener - The element -->By.cssSelector: [placeholder='description']was found
14:14:14 [Test worker] INFO  application.MyListener - Start find element by -->By.xpath: //b[.='Save']
14:14:14 [Test worker] INFO  application.MyListener - The element -->By.xpath: //b[.='Save']was found
14:14:14 [Test worker] INFO  application.MyListener - Start find element by -->By.xpath: //h3
14:14:15 [Test worker] INFO  application.MyListener - The element -->By.xpath: //h3was found
12345685314:14:15 [Test worker] INFO  application.MyListener - Start find element by -->By.cssSelector: .contact-item_card__2SOIM
14:14:15 [Test worker] INFO  application.MyListener - The element -->By.cssSelector: .contact-item_card__2SOIMwas found
14:14:15 [Test worker] INFO  application.MyListener - Start find element by -->By.cssSelector: .contact-item_card__2SOIM
14:14:15 [Test worker] INFO  application.MyListener - The element -->By.cssSelector: .contact-item_card__2SOIMwas found
14:14:15 [Test worker] INFO  application.MyListener - Start find element by -->By.cssSelector: .contact-item_card__2SOIM
14:14:15 [Test worker] INFO  application.MyListener - The element -->By.cssSelector: .contact-item_card__2SOIMwas found
14:14:15 [Test worker] INFO  application.MyListener - Start find element by -->By.cssSelector: .contact-item_card__2SOIM
14:14:15 [Test worker] INFO  application.MyListener - The element -->By.cssSelector: .contact-item_card__2SOIMwas found
14:14:15 [Test worker] INFO  application.MyListener - Start find element by -->By.xpath: //button[.='Remove']
14:14:15 [Test worker] INFO  application.MyListener - The element -->By.xpath: //button[.='Remove']was found
14:14:17 [Test worker] INFO  application.MyListener - Start find element by -->By.cssSelector: .contact-item_card__2SOIM
14:14:17 [Test worker] INFO  application.MyListener - The element -->By.cssSelector: .contact-item_card__2SOIMwas found
14:14:17 [Test worker] INFO  application.MyListener - Start find element by -->By.cssSelector: .contact-item_card__2SOIM
14:14:17 [Test worker] INFO  application.MyListener - The element -->By.cssSelector: .contact-item_card__2SOIMwas found
14:14:17 [Test worker] INFO  application.MyListener - Start find element by -->By.cssSelector: .contact-item_card__2SOIM
14:14:17 [Test worker] INFO  application.MyListener - The element -->By.cssSelector: .contact-item_card__2SOIMwas found
14:14:17 [Test worker] INFO  application.MyListener - Start find element by -->By.cssSelector: .contact-item_card__2SOIM
14:14:17 [Test worker] INFO  application.MyListener - The element -->By.cssSelector: .contact-item_card__2SOIMwas found
14:14:17 [Test worker] INFO  application.MyListener - Start find element by -->By.xpath: //button[.='Remove']
14:14:17 [Test worker] INFO  application.MyListener - The element -->By.xpath: //button[.='Remove']was found
14:14:19 [Test worker] INFO  application.MyListener - Start find element by -->By.cssSelector: .contact-item_card__2SOIM
14:14:29 [Test worker] INFO  application.MyListener - The element -->By.cssSelector: .contact-item_card__2SOIMwas found
14:14:29 [Test worker] INFO  application.MyListener - Start find element by -->By.cssSelector: .contact-item_card__2SOIM
14:14:39 [Test worker] INFO  application.MyListener - The element -->By.cssSelector: .contact-item_card__2SOIMwas found
14:14:39 [Test worker] INFO  tests.TestBase - End of method --> addContactTestBase
14:14:39 [Test worker] INFO  tests.TestBase - Start method  --> addContactTestBase
14:14:39 [Test worker] INFO  application.MyListener - Start find element by -->By.xpath: //*[.='Sign Out']
14:14:39 [Test worker] INFO  application.MyListener - The element -->By.xpath: //*[.='Sign Out']was found
14:14:39 [Test worker] INFO  application.MyListener - Start find element by -->By.xpath: //a[.='ADD']
14:14:39 [Test worker] INFO  application.MyListener - The element -->By.xpath: //a[.='ADD']was found
14:14:39 [Test worker] INFO  application.MyListener - Start find element by -->By.cssSelector: [placeholder='Name']
14:14:39 [Test worker] INFO  application.MyListener - The element -->By.cssSelector: [placeholder='Name']was found
14:14:39 [Test worker] INFO  application.MyListener - Start find element by -->By.cssSelector: [placeholder='Last Name']
14:14:39 [Test worker] INFO  application.MyListener - The element -->By.cssSelector: [placeholder='Last Name']was found
14:14:40 [Test worker] INFO  application.MyListener - Start find element by -->By.cssSelector: [placeholder='Phone']
14:14:40 [Test worker] INFO  application.MyListener - The element -->By.cssSelector: [placeholder='Phone']was found
14:14:40 [Test worker] INFO  application.MyListener - Start find element by -->By.cssSelector: [placeholder='email']
14:14:40 [Test worker] INFO  application.MyListener - The element -->By.cssSelector: [placeholder='email']was found
14:14:40 [Test worker] INFO  application.MyListener - Start find element by -->By.cssSelector: [placeholder='Address']
14:14:40 [Test worker] INFO  application.MyListener - The element -->By.cssSelector: [placeholder='Address']was found
14:14:40 [Test worker] INFO  application.MyListener - Start find element by -->By.cssSelector: [placeholder='description']
14:14:40 [Test worker] INFO  application.MyListener - The element -->By.cssSelector: [placeholder='description']was found
14:14:40 [Test worker] INFO  application.MyListener - Start find element by -->By.xpath: //b[.='Save']
14:14:40 [Test worker] INFO  application.MyListener - The element -->By.xpath: //b[.='Save']was found
14:14:40 [Test worker] INFO  application.MyListener - Start find element by -->By.xpath: //h3
14:14:41 [Test worker] INFO  application.MyListener - The element -->By.xpath: //h3was found
12345687914:14:41 [Test worker] INFO  application.MyListener - Start find element by -->By.xpath: //a[.='ADD']
14:14:41 [Test worker] INFO  application.MyListener - The element -->By.xpath: //a[.='ADD']was found
14:14:41 [Test worker] INFO  application.MyListener - Start find element by -->By.cssSelector: [placeholder='Name']
14:14:41 [Test worker] INFO  application.MyListener - The element -->By.cssSelector: [placeholder='Name']was found
14:14:41 [Test worker] INFO  application.MyListener - Start find element by -->By.cssSelector: [placeholder='Last Name']
14:14:41 [Test worker] INFO  application.MyListener - The element -->By.cssSelector: [placeholder='Last Name']was found
14:14:41 [Test worker] INFO  application.MyListener - Start find element by -->By.cssSelector: [placeholder='Phone']
14:14:41 [Test worker] INFO  application.MyListener - The element -->By.cssSelector: [placeholder='Phone']was found
14:14:41 [Test worker] INFO  application.MyListener - Start find element by -->By.cssSelector: [placeholder='email']
14:14:41 [Test worker] INFO  application.MyListener - The element -->By.cssSelector: [placeholder='email']was found
14:14:41 [Test worker] INFO  application.MyListener - Start find element by -->By.cssSelector: [placeholder='Address']
14:14:41 [Test worker] INFO  application.MyListener - The element -->By.cssSelector: [placeholder='Address']was found
14:14:42 [Test worker] INFO  application.MyListener - Start find element by -->By.cssSelector: [placeholder='description']
14:14:42 [Test worker] INFO  application.MyListener - The element -->By.cssSelector: [placeholder='description']was found
14:14:42 [Test worker] INFO  application.MyListener - Start find element by -->By.xpath: //b[.='Save']
14:14:42 [Test worker] INFO  application.MyListener - The element -->By.xpath: //b[.='Save']was found
14:14:42 [Test worker] INFO  application.MyListener - Start find element by -->By.xpath: //h3
14:14:42 [Test worker] INFO  application.MyListener - The element -->By.xpath: //h3was found
12345688114:14:42 [Test worker] INFO  application.MyListener - Start find element by -->By.cssSelector: .contact-item_card__2SOIM
14:14:42 [Test worker] INFO  application.MyListener - The element -->By.cssSelector: .contact-item_card__2SOIMwas found
14:14:42 [Test worker] INFO  application.MyListener - Start find element by -->By.cssSelector: .contact-item_card__2SOIM
14:14:42 [Test worker] INFO  application.MyListener - The element -->By.cssSelector: .contact-item_card__2SOIMwas found
14:14:42 [Test worker] INFO  application.MyListener - Start find element by -->By.cssSelector: .contact-item_card__2SOIM
14:14:42 [Test worker] INFO  application.MyListener - The element -->By.cssSelector: .contact-item_card__2SOIMwas found
14:14:42 [Test worker] INFO  application.MyListener - Start find element by -->By.cssSelector: .contact-item_card__2SOIM
14:14:42 [Test worker] INFO  application.MyListener - The element -->By.cssSelector: .contact-item_card__2SOIMwas found
14:14:42 [Test worker] INFO  application.MyListener - Start find element by -->By.xpath: //button[.='Remove']
14:14:42 [Test worker] INFO  application.MyListener - The element -->By.xpath: //button[.='Remove']was found
14:14:44 [Test worker] INFO  application.MyListener - Start find element by -->By.cssSelector: .contact-item_card__2SOIM
14:14:44 [Test worker] INFO  application.MyListener - The element -->By.cssSelector: .contact-item_card__2SOIMwas found
14:14:44 [Test worker] INFO  application.MyListener - Start find element by -->By.cssSelector: .contact-item_card__2SOIM
14:14:44 [Test worker] INFO  application.MyListener - The element -->By.cssSelector: .contact-item_card__2SOIMwas found
14:14:44 [Test worker] INFO  application.MyListener - Start find element by -->By.cssSelector: .contact-item_card__2SOIM
14:14:44 [Test worker] INFO  application.MyListener - The element -->By.cssSelector: .contact-item_card__2SOIMwas found
14:14:44 [Test worker] INFO  application.MyListener - Start find element by -->By.cssSelector: .contact-item_card__2SOIM
14:14:44 [Test worker] INFO  application.MyListener - The element -->By.cssSelector: .contact-item_card__2SOIMwas found
14:14:44 [Test worker] INFO  application.MyListener - Start find element by -->By.xpath: //button[.='Remove']
14:14:44 [Test worker] INFO  application.MyListener - The element -->By.xpath: //button[.='Remove']was found
14:14:46 [Test worker] INFO  application.MyListener - Start find element by -->By.cssSelector: .contact-item_card__2SOIM
14:14:56 [Test worker] INFO  application.MyListener - The element -->By.cssSelector: .contact-item_card__2SOIMwas found
14:14:56 [Test worker] INFO  application.MyListener - Start find element by -->By.cssSelector: .contact-item_card__2SOIM
14:15:07 [Test worker] INFO  application.MyListener - The element -->By.cssSelector: .contact-item_card__2SOIMwas found
14:15:07 [Test worker] INFO  tests.TestBase - End of method --> addContactTestBase
14:15:07 [Test worker] INFO  tests.TestBase - Start method  --> addContactTestBase
14:15:07 [Test worker] INFO  application.MyListener - Start find element by -->By.xpath: //*[.='Sign Out']
14:15:07 [Test worker] INFO  application.MyListener - The element -->By.xpath: //*[.='Sign Out']was found
14:15:07 [Test worker] INFO  application.MyListener - Start find element by -->By.xpath: //a[.='ADD']
14:15:07 [Test worker] INFO  application.MyListener - The element -->By.xpath: //a[.='ADD']was found
14:15:07 [Test worker] INFO  application.MyListener - Start find element by -->By.cssSelector: [placeholder='Name']
14:15:07 [Test worker] INFO  application.MyListener - The element -->By.cssSelector: [placeholder='Name']was found
14:15:07 [Test worker] INFO  application.MyListener - Start find element by -->By.cssSelector: [placeholder='Last Name']
14:15:07 [Test worker] INFO  application.MyListener - The element -->By.cssSelector: [placeholder='Last Name']was found
14:15:07 [Test worker] INFO  application.MyListener - Start find element by -->By.cssSelector: [placeholder='Phone']
14:15:07 [Test worker] INFO  application.MyListener - The element -->By.cssSelector: [placeholder='Phone']was found
14:15:07 [Test worker] INFO  application.MyListener - Start find element by -->By.cssSelector: [placeholder='email']
14:15:07 [Test worker] INFO  application.MyListener - The element -->By.cssSelector: [placeholder='email']was found
14:15:07 [Test worker] INFO  application.MyListener - Start find element by -->By.cssSelector: [placeholder='Address']
14:15:07 [Test worker] INFO  application.MyListener - The element -->By.cssSelector: [placeholder='Address']was found
14:15:07 [Test worker] INFO  application.MyListener - Start find element by -->By.cssSelector: [placeholder='description']
14:15:07 [Test worker] INFO  application.MyListener - The element -->By.cssSelector: [placeholder='description']was found
14:15:07 [Test worker] INFO  application.MyListener - Start find element by -->By.xpath: //b[.='Save']
14:15:07 [Test worker] INFO  application.MyListener - The element -->By.xpath: //b[.='Save']was found
14:15:08 [Test worker] INFO  application.MyListener - Start find element by -->By.xpath: //h3
14:15:08 [Test worker] INFO  application.MyListener - The element -->By.xpath: //h3was found
12345690714:15:08 [Test worker] INFO  application.MyListener - Start find element by -->By.xpath: //a[.='ADD']
14:15:08 [Test worker] INFO  application.MyListener - The element -->By.xpath: //a[.='ADD']was found
14:15:08 [Test worker] INFO  application.MyListener - Start find element by -->By.cssSelector: [placeholder='Name']
14:15:08 [Test worker] INFO  application.MyListener - The element -->By.cssSelector: [placeholder='Name']was found
14:15:08 [Test worker] INFO  application.MyListener - Start find element by -->By.cssSelector: [placeholder='Last Name']
14:15:09 [Test worker] INFO  application.MyListener - The element -->By.cssSelector: [placeholder='Last Name']was found
14:15:09 [Test worker] INFO  application.MyListener - Start find element by -->By.cssSelector: [placeholder='Phone']
14:15:09 [Test worker] INFO  application.MyListener - The element -->By.cssSelector: [placeholder='Phone']was found
14:15:09 [Test worker] INFO  application.MyListener - Start find element by -->By.cssSelector: [placeholder='email']
14:15:09 [Test worker] INFO  application.MyListener - The element -->By.cssSelector: [placeholder='email']was found
14:15:09 [Test worker] INFO  application.MyListener - Start find element by -->By.cssSelector: [placeholder='Address']
14:15:09 [Test worker] INFO  application.MyListener - The element -->By.cssSelector: [placeholder='Address']was found
14:15:09 [Test worker] INFO  application.MyListener - Start find element by -->By.cssSelector: [placeholder='description']
14:15:09 [Test worker] INFO  application.MyListener - The element -->By.cssSelector: [placeholder='description']was found
14:15:09 [Test worker] INFO  application.MyListener - Start find element by -->By.xpath: //b[.='Save']
14:15:09 [Test worker] INFO  application.MyListener - The element -->By.xpath: //b[.='Save']was found
14:15:09 [Test worker] INFO  application.MyListener - Start find element by -->By.xpath: //h3
14:15:10 [Test worker] INFO  application.MyListener - The element -->By.xpath: //h3was found
12345690814:15:10 [Test worker] INFO  application.MyListener - Start find element by -->By.cssSelector: .contact-item_card__2SOIM
14:15:10 [Test worker] INFO  application.MyListener - The element -->By.cssSelector: .contact-item_card__2SOIMwas found
14:15:10 [Test worker] INFO  application.MyListener - Start find element by -->By.cssSelector: .contact-item_card__2SOIM
14:15:10 [Test worker] INFO  application.MyListener - The element -->By.cssSelector: .contact-item_card__2SOIMwas found
14:15:10 [Test worker] INFO  application.MyListener - Start find element by -->By.cssSelector: .contact-item_card__2SOIM
14:15:10 [Test worker] INFO  application.MyListener - The element -->By.cssSelector: .contact-item_card__2SOIMwas found
14:15:10 [Test worker] INFO  application.MyListener - Start find element by -->By.cssSelector: .contact-item_card__2SOIM
14:15:10 [Test worker] INFO  application.MyListener - The element -->By.cssSelector: .contact-item_card__2SOIMwas found
14:15:10 [Test worker] INFO  application.MyListener - Start find element by -->By.xpath: //button[.='Remove']
14:15:10 [Test worker] INFO  application.MyListener - The element -->By.xpath: //button[.='Remove']was found
14:15:12 [Test worker] INFO  application.MyListener - Start find element by -->By.cssSelector: .contact-item_card__2SOIM
14:15:12 [Test worker] INFO  application.MyListener - The element -->By.cssSelector: .contact-item_card__2SOIMwas found
14:15:12 [Test worker] INFO  application.MyListener - Start find element by -->By.cssSelector: .contact-item_card__2SOIM
14:15:12 [Test worker] INFO  application.MyListener - The element -->By.cssSelector: .contact-item_card__2SOIMwas found
14:15:12 [Test worker] INFO  application.MyListener - Start find element by -->By.cssSelector: .contact-item_card__2SOIM
14:15:12 [Test worker] INFO  application.MyListener - The element -->By.cssSelector: .contact-item_card__2SOIMwas found
14:15:12 [Test worker] INFO  application.MyListener - Start find element by -->By.cssSelector: .contact-item_card__2SOIM
14:15:12 [Test worker] INFO  application.MyListener - The element -->By.cssSelector: .contact-item_card__2SOIMwas found
14:15:12 [Test worker] INFO  application.MyListener - Start find element by -->By.xpath: //button[.='Remove']
14:15:12 [Test worker] INFO  application.MyListener - The element -->By.xpath: //button[.='Remove']was found
14:15:14 [Test worker] INFO  application.MyListener - Start find element by -->By.cssSelector: .contact-item_card__2SOIM
14:15:24 [Test worker] INFO  application.MyListener - The element -->By.cssSelector: .contact-item_card__2SOIMwas found
14:15:24 [Test worker] INFO  application.MyListener - Start find element by -->By.cssSelector: .contact-item_card__2SOIM
14:15:35 [Test worker] INFO  application.MyListener - The element -->By.cssSelector: .contact-item_card__2SOIMwas found
14:15:35 [Test worker] INFO  tests.TestBase - End of method --> addContactTestBase
14:15:35 [Test worker] INFO  tests.TestBase - Start method  --> addContactTestBase
14:15:35 [Test worker] INFO  application.MyListener - Start find element by -->By.xpath: //*[.='Sign Out']
14:15:35 [Test worker] INFO  application.MyListener - The element -->By.xpath: //*[.='Sign Out']was found
14:15:35 [Test worker] INFO  application.MyListener - Start find element by -->By.xpath: //a[.='ADD']
14:15:35 [Test worker] INFO  application.MyListener - The element -->By.xpath: //a[.='ADD']was found
14:15:35 [Test worker] INFO  application.MyListener - Start find element by -->By.cssSelector: [placeholder='Name']
14:15:35 [Test worker] INFO  application.MyListener - The element -->By.cssSelector: [placeholder='Name']was found
14:15:35 [Test worker] INFO  application.MyListener - Start find element by -->By.cssSelector: [placeholder='Last Name']
14:15:35 [Test worker] INFO  application.MyListener - The element -->By.cssSelector: [placeholder='Last Name']was found
14:15:35 [Test worker] INFO  application.MyListener - Start find element by -->By.cssSelector: [placeholder='Phone']
14:15:35 [Test worker] INFO  application.MyListener - The element -->By.cssSelector: [placeholder='Phone']was found
14:15:35 [Test worker] INFO  application.MyListener - Start find element by -->By.cssSelector: [placeholder='email']
14:15:35 [Test worker] INFO  application.MyListener - The element -->By.cssSelector: [placeholder='email']was found
14:15:35 [Test worker] INFO  application.MyListener - Start find element by -->By.cssSelector: [placeholder='Address']
14:15:35 [Test worker] INFO  application.MyListener - The element -->By.cssSelector: [placeholder='Address']was found
14:15:35 [Test worker] INFO  application.MyListener - Start find element by -->By.cssSelector: [placeholder='description']
14:15:35 [Test worker] INFO  application.MyListener - The element -->By.cssSelector: [placeholder='description']was found
14:15:35 [Test worker] INFO  application.MyListener - Start find element by -->By.xpath: //b[.='Save']
14:15:35 [Test worker] INFO  application.MyListener - The element -->By.xpath: //b[.='Save']was found
14:15:35 [Test worker] INFO  application.MyListener - Start find element by -->By.xpath: //h3
14:15:37 [Test worker] INFO  application.MyListener - The element -->By.xpath: //h3was found
12345693514:15:37 [Test worker] INFO  application.MyListener - Start find element by -->By.xpath: //a[.='ADD']
14:15:37 [Test worker] INFO  application.MyListener - The element -->By.xpath: //a[.='ADD']was found
14:15:37 [Test worker] INFO  application.MyListener - Start find element by -->By.cssSelector: [placeholder='Name']
14:15:37 [Test worker] INFO  application.MyListener - The element -->By.cssSelector: [placeholder='Name']was found
14:15:37 [Test worker] INFO  application.MyListener - Start find element by -->By.cssSelector: [placeholder='Last Name']
14:15:37 [Test worker] INFO  application.MyListener - The element -->By.cssSelector: [placeholder='Last Name']was found
14:15:37 [Test worker] INFO  application.MyListener - Start find element by -->By.cssSelector: [placeholder='Phone']
14:15:37 [Test worker] INFO  application.MyListener - The element -->By.cssSelector: [placeholder='Phone']was found
14:15:37 [Test worker] INFO  application.MyListener - Start find element by -->By.cssSelector: [placeholder='email']
14:15:37 [Test worker] INFO  application.MyListener - The element -->By.cssSelector: [placeholder='email']was found
14:15:37 [Test worker] INFO  application.MyListener - Start find element by -->By.cssSelector: [placeholder='Address']
14:15:37 [Test worker] INFO  application.MyListener - The element -->By.cssSelector: [placeholder='Address']was found
14:15:37 [Test worker] INFO  application.MyListener - Start find element by -->By.cssSelector: [placeholder='description']
14:15:37 [Test worker] INFO  application.MyListener - The element -->By.cssSelector: [placeholder='description']was found
14:15:38 [Test worker] INFO  application.MyListener - Start find element by -->By.xpath: //b[.='Save']
14:15:38 [Test worker] INFO  application.MyListener - The element -->By.xpath: //b[.='Save']was found
14:15:38 [Test worker] INFO  application.MyListener - Start find element by -->By.xpath: //h3
14:15:38 [Test worker] INFO  application.MyListener - The element -->By.xpath: //h3was found
12345693714:15:38 [Test worker] INFO  application.MyListener - Start find element by -->By.cssSelector: .contact-item_card__2SOIM
14:15:38 [Test worker] INFO  application.MyListener - The element -->By.cssSelector: .contact-item_card__2SOIMwas found
14:15:38 [Test worker] INFO  application.MyListener - Start find element by -->By.cssSelector: .contact-item_card__2SOIM
14:15:38 [Test worker] INFO  application.MyListener - The element -->By.cssSelector: .contact-item_card__2SOIMwas found
14:15:38 [Test worker] INFO  application.MyListener - Start find element by -->By.cssSelector: .contact-item_card__2SOIM
14:15:38 [Test worker] INFO  application.MyListener - The element -->By.cssSelector: .contact-item_card__2SOIMwas found
14:15:38 [Test worker] INFO  application.MyListener - Start find element by -->By.cssSelector: .contact-item_card__2SOIM
14:15:38 [Test worker] INFO  application.MyListener - The element -->By.cssSelector: .contact-item_card__2SOIMwas found
14:15:39 [Test worker] INFO  application.MyListener - Start find element by -->By.xpath: //button[.='Remove']
14:15:39 [Test worker] INFO  application.MyListener - The element -->By.xpath: //button[.='Remove']was found
14:15:41 [Test worker] INFO  application.MyListener - Start find element by -->By.cssSelector: .contact-item_card__2SOIM
14:15:41 [Test worker] INFO  application.MyListener - The element -->By.cssSelector: .contact-item_card__2SOIMwas found
14:15:41 [Test worker] INFO  application.MyListener - Start find element by -->By.cssSelector: .contact-item_card__2SOIM
14:15:41 [Test worker] INFO  application.MyListener - The element -->By.cssSelector: .contact-item_card__2SOIMwas found
14:15:41 [Test worker] INFO  application.MyListener - Start find element by -->By.cssSelector: .contact-item_card__2SOIM
14:15:41 [Test worker] INFO  application.MyListener - The element -->By.cssSelector: .contact-item_card__2SOIMwas found
14:15:41 [Test worker] INFO  application.MyListener - Start find element by -->By.cssSelector: .contact-item_card__2SOIM
14:15:41 [Test worker] INFO  application.MyListener - The element -->By.cssSelector: .contact-item_card__2SOIMwas found
14:15:41 [Test worker] INFO  application.MyListener - Start find element by -->By.xpath: //button[.='Remove']
14:15:41 [Test worker] INFO  application.MyListener - The element -->By.xpath: //button[.='Remove']was found
14:15:43 [Test worker] INFO  application.MyListener - Start find element by -->By.cssSelector: .contact-item_card__2SOIM
14:15:53 [Test worker] INFO  application.MyListener - The element -->By.cssSelector: .contact-item_card__2SOIMwas found
14:15:53 [Test worker] INFO  application.MyListener - Start find element by -->By.cssSelector: .contact-item_card__2SOIM
14:16:03 [Test worker] INFO  application.MyListener - The element -->By.cssSelector: .contact-item_card__2SOIMwas found
14:16:03 [Test worker] INFO  tests.TestBase - End of method --> addContactTestBase
14:16:03 [Test worker] INFO  tests.TestBase - Start method  --> addContactTestBase
14:16:03 [Test worker] INFO  application.MyListener - Start find element by -->By.xpath: //*[.='Sign Out']
14:16:03 [Test worker] INFO  application.MyListener - The element -->By.xpath: //*[.='Sign Out']was found
14:16:03 [Test worker] INFO  application.MyListener - Start find element by -->By.xpath: //a[.='ADD']
14:16:03 [Test worker] INFO  application.MyListener - The element -->By.xpath: //a[.='ADD']was found
14:16:03 [Test worker] INFO  application.MyListener - Start find element by -->By.cssSelector: [placeholder='Name']
14:16:03 [Test worker] INFO  application.MyListener - The element -->By.cssSelector: [placeholder='Name']was found
14:16:03 [Test worker] INFO  application.MyListener - Start find element by -->By.cssSelector: [placeholder='Last Name']
14:16:03 [Test worker] INFO  application.MyListener - The element -->By.cssSelector: [placeholder='Last Name']was found
14:16:03 [Test worker] INFO  application.MyListener - Start find element by -->By.cssSelector: [placeholder='Phone']
14:16:03 [Test worker] INFO  application.MyListener - The element -->By.cssSelector: [placeholder='Phone']was found
14:16:04 [Test worker] INFO  application.MyListener - Start find element by -->By.cssSelector: [placeholder='email']
14:16:04 [Test worker] INFO  application.MyListener - The element -->By.cssSelector: [placeholder='email']was found
14:16:04 [Test worker] INFO  application.MyListener - Start find element by -->By.cssSelector: [placeholder='Address']
14:16:04 [Test worker] INFO  application.MyListener - The element -->By.cssSelector: [placeholder='Address']was found
14:16:04 [Test worker] INFO  application.MyListener - Start find element by -->By.cssSelector: [placeholder='description']
14:16:04 [Test worker] INFO  application.MyListener - The element -->By.cssSelector: [placeholder='description']was found
14:16:04 [Test worker] INFO  application.MyListener - Start find element by -->By.xpath: //b[.='Save']
14:16:04 [Test worker] INFO  application.MyListener - The element -->By.xpath: //b[.='Save']was found
14:16:04 [Test worker] INFO  application.MyListener - Start find element by -->By.xpath: //h3
14:16:05 [Test worker] INFO  application.MyListener - The element -->By.xpath: //h3was found
12345696314:16:05 [Test worker] INFO  application.MyListener - Start find element by -->By.xpath: //a[.='ADD']
14:16:05 [Test worker] INFO  application.MyListener - The element -->By.xpath: //a[.='ADD']was found
14:16:05 [Test worker] INFO  application.MyListener - Start find element by -->By.cssSelector: [placeholder='Name']
14:16:05 [Test worker] INFO  application.MyListener - The element -->By.cssSelector: [placeholder='Name']was found
14:16:05 [Test worker] INFO  application.MyListener - Start find element by -->By.cssSelector: [placeholder='Last Name']
14:16:05 [Test worker] INFO  application.MyListener - The element -->By.cssSelector: [placeholder='Last Name']was found
14:16:05 [Test worker] INFO  application.MyListener - Start find element by -->By.cssSelector: [placeholder='Phone']
14:16:05 [Test worker] INFO  application.MyListener - The element -->By.cssSelector: [placeholder='Phone']was found
14:16:05 [Test worker] INFO  application.MyListener - Start find element by -->By.cssSelector: [placeholder='email']
14:16:05 [Test worker] INFO  application.MyListener - The element -->By.cssSelector: [placeholder='email']was found
14:16:05 [Test worker] INFO  application.MyListener - Start find element by -->By.cssSelector: [placeholder='Address']
14:16:05 [Test worker] INFO  application.MyListener - The element -->By.cssSelector: [placeholder='Address']was found
14:16:05 [Test worker] INFO  application.MyListener - Start find element by -->By.cssSelector: [placeholder='description']
14:16:06 [Test worker] INFO  application.MyListener - The element -->By.cssSelector: [placeholder='description']was found
14:16:06 [Test worker] INFO  application.MyListener - Start find element by -->By.xpath: //b[.='Save']
14:16:06 [Test worker] INFO  application.MyListener - The element -->By.xpath: //b[.='Save']was found
14:16:06 [Test worker] INFO  application.MyListener - Start find element by -->By.xpath: //h3
14:16:06 [Test worker] INFO  application.MyListener - The element -->By.xpath: //h3was found
12345696514:16:06 [Test worker] INFO  application.MyListener - Start find element by -->By.cssSelector: .contact-item_card__2SOIM
14:16:06 [Test worker] INFO  application.MyListener - The element -->By.cssSelector: .contact-item_card__2SOIMwas found
14:16:06 [Test worker] INFO  application.MyListener - Start find element by -->By.cssSelector: .contact-item_card__2SOIM
14:16:06 [Test worker] INFO  application.MyListener - The element -->By.cssSelector: .contact-item_card__2SOIMwas found
14:16:06 [Test worker] INFO  application.MyListener - Start find element by -->By.cssSelector: .contact-item_card__2SOIM
14:16:06 [Test worker] INFO  application.MyListener - The element -->By.cssSelector: .contact-item_card__2SOIMwas found
14:16:06 [Test worker] INFO  application.MyListener - Start find element by -->By.cssSelector: .contact-item_card__2SOIM
14:16:06 [Test worker] INFO  application.MyListener - The element -->By.cssSelector: .contact-item_card__2SOIMwas found
14:16:06 [Test worker] INFO  application.MyListener - Start find element by -->By.xpath: //button[.='Remove']
14:16:06 [Test worker] INFO  application.MyListener - The element -->By.xpath: //button[.='Remove']was found
14:16:08 [Test worker] INFO  application.MyListener - Start find element by -->By.cssSelector: .contact-item_card__2SOIM
14:16:08 [Test worker] INFO  application.MyListener - The element -->By.cssSelector: .contact-item_card__2SOIMwas found
14:16:08 [Test worker] INFO  application.MyListener - Start find element by -->By.cssSelector: .contact-item_card__2SOIM
14:16:08 [Test worker] INFO  application.MyListener - The element -->By.cssSelector: .contact-item_card__2SOIMwas found
14:16:08 [Test worker] INFO  application.MyListener - Start find element by -->By.cssSelector: .contact-item_card__2SOIM
14:16:08 [Test worker] INFO  application.MyListener - The element -->By.cssSelector: .contact-item_card__2SOIMwas found
14:16:08 [Test worker] INFO  application.MyListener - Start find element by -->By.cssSelector: .contact-item_card__2SOIM
14:16:08 [Test worker] INFO  application.MyListener - The element -->By.cssSelector: .contact-item_card__2SOIMwas found
14:16:08 [Test worker] INFO  application.MyListener - Start find element by -->By.xpath: //button[.='Remove']
14:16:08 [Test worker] INFO  application.MyListener - The element -->By.xpath: //button[.='Remove']was found
14:16:10 [Test worker] INFO  application.MyListener - Start find element by -->By.cssSelector: .contact-item_card__2SOIM
14:16:21 [Test worker] INFO  application.MyListener - The element -->By.cssSelector: .contact-item_card__2SOIMwas found
14:16:21 [Test worker] INFO  application.MyListener - Start find element by -->By.cssSelector: .contact-item_card__2SOIM
14:16:31 [Test worker] INFO  application.MyListener - The element -->By.cssSelector: .contact-item_card__2SOIMwas found
14:16:31 [Test worker] INFO  tests.TestBase - End of method --> addContactTestBase
14:16:31 [Test worker] INFO  tests.TestBase - Start method  --> addContactTestBase
14:16:31 [Test worker] INFO  application.MyListener - Start find element by -->By.xpath: //*[.='Sign Out']
14:16:31 [Test worker] INFO  application.MyListener - The element -->By.xpath: //*[.='Sign Out']was found
14:16:31 [Test worker] INFO  application.MyListener - Start find element by -->By.xpath: //a[.='ADD']
14:16:31 [Test worker] INFO  application.MyListener - The element -->By.xpath: //a[.='ADD']was found
14:16:31 [Test worker] INFO  application.MyListener - Start find element by -->By.cssSelector: [placeholder='Name']
14:16:31 [Test worker] INFO  application.MyListener - The element -->By.cssSelector: [placeholder='Name']was found
14:16:31 [Test worker] INFO  application.MyListener - Start find element by -->By.cssSelector: [placeholder='Last Name']
14:16:31 [Test worker] INFO  application.MyListener - The element -->By.cssSelector: [placeholder='Last Name']was found
14:16:31 [Test worker] INFO  application.MyListener - Start find element by -->By.cssSelector: [placeholder='Phone']
14:16:31 [Test worker] INFO  application.MyListener - The element -->By.cssSelector: [placeholder='Phone']was found
14:16:31 [Test worker] INFO  application.MyListener - Start find element by -->By.cssSelector: [placeholder='email']
14:16:31 [Test worker] INFO  application.MyListener - The element -->By.cssSelector: [placeholder='email']was found
14:16:31 [Test worker] INFO  application.MyListener - Start find element by -->By.cssSelector: [placeholder='Address']
14:16:31 [Test worker] INFO  application.MyListener - The element -->By.cssSelector: [placeholder='Address']was found
14:16:31 [Test worker] INFO  application.MyListener - Start find element by -->By.cssSelector: [placeholder='description']
14:16:31 [Test worker] INFO  application.MyListener - The element -->By.cssSelector: [placeholder='description']was found
14:16:31 [Test worker] INFO  application.MyListener - Start find element by -->By.xpath: //b[.='Save']
14:16:31 [Test worker] INFO  application.MyListener - The element -->By.xpath: //b[.='Save']was found
14:16:31 [Test worker] INFO  application.MyListener - Start find element by -->By.xpath: //h3
14:16:32 [Test worker] INFO  application.MyListener - The element -->By.xpath: //h3was found
12345699114:16:32 [Test worker] INFO  application.MyListener - Start find element by -->By.xpath: //a[.='ADD']
14:16:32 [Test worker] INFO  application.MyListener - The element -->By.xpath: //a[.='ADD']was found
14:16:32 [Test worker] INFO  application.MyListener - Start find element by -->By.cssSelector: [placeholder='Name']
14:16:32 [Test worker] INFO  application.MyListener - The element -->By.cssSelector: [placeholder='Name']was found
14:16:32 [Test worker] INFO  application.MyListener - Start find element by -->By.cssSelector: [placeholder='Last Name']
14:16:32 [Test worker] INFO  application.MyListener - The element -->By.cssSelector: [placeholder='Last Name']was found
14:16:33 [Test worker] INFO  application.MyListener - Start find element by -->By.cssSelector: [placeholder='Phone']
14:16:33 [Test worker] INFO  application.MyListener - The element -->By.cssSelector: [placeholder='Phone']was found
14:16:33 [Test worker] INFO  application.MyListener - Start find element by -->By.cssSelector: [placeholder='email']
14:16:33 [Test worker] INFO  application.MyListener - The element -->By.cssSelector: [placeholder='email']was found
14:16:33 [Test worker] INFO  application.MyListener - Start find element by -->By.cssSelector: [placeholder='Address']
14:16:33 [Test worker] INFO  application.MyListener - The element -->By.cssSelector: [placeholder='Address']was found
14:16:33 [Test worker] INFO  application.MyListener - Start find element by -->By.cssSelector: [placeholder='description']
14:16:33 [Test worker] INFO  application.MyListener - The element -->By.cssSelector: [placeholder='description']was found
14:16:33 [Test worker] INFO  application.MyListener - Start find element by -->By.xpath: //b[.='Save']
14:16:33 [Test worker] INFO  application.MyListener - The element -->By.xpath: //b[.='Save']was found
14:16:33 [Test worker] INFO  application.MyListener - Start find element by -->By.xpath: //h3
14:16:33 [Test worker] INFO  application.MyListener - The element -->By.xpath: //h3was found
12345699214:16:33 [Test worker] INFO  application.MyListener - Start find element by -->By.cssSelector: .contact-item_card__2SOIM
14:16:33 [Test worker] INFO  application.MyListener - The element -->By.cssSelector: .contact-item_card__2SOIMwas found
14:16:33 [Test worker] INFO  application.MyListener - Start find element by -->By.cssSelector: .contact-item_card__2SOIM
14:16:34 [Test worker] INFO  application.MyListener - The element -->By.cssSelector: .contact-item_card__2SOIMwas found
14:16:34 [Test worker] INFO  application.MyListener - Start find element by -->By.cssSelector: .contact-item_card__2SOIM
14:16:34 [Test worker] INFO  application.MyListener - The element -->By.cssSelector: .contact-item_card__2SOIMwas found
14:16:34 [Test worker] INFO  application.MyListener - Start find element by -->By.cssSelector: .contact-item_card__2SOIM
14:16:34 [Test worker] INFO  application.MyListener - The element -->By.cssSelector: .contact-item_card__2SOIMwas found
14:16:34 [Test worker] INFO  application.MyListener - Start find element by -->By.xpath: //button[.='Remove']
14:16:34 [Test worker] INFO  application.MyListener - The element -->By.xpath: //button[.='Remove']was found
14:16:36 [Test worker] INFO  application.MyListener - Start find element by -->By.cssSelector: .contact-item_card__2SOIM
14:16:36 [Test worker] INFO  application.MyListener - The element -->By.cssSelector: .contact-item_card__2SOIMwas found
14:16:36 [Test worker] INFO  application.MyListener - Start find element by -->By.cssSelector: .contact-item_card__2SOIM
14:16:36 [Test worker] INFO  application.MyListener - The element -->By.cssSelector: .contact-item_card__2SOIMwas found
14:16:36 [Test worker] INFO  application.MyListener - Start find element by -->By.cssSelector: .contact-item_card__2SOIM
14:16:36 [Test worker] INFO  application.MyListener - The element -->By.cssSelector: .contact-item_card__2SOIMwas found
14:16:36 [Test worker] INFO  application.MyListener - Start find element by -->By.cssSelector: .contact-item_card__2SOIM
14:16:36 [Test worker] INFO  application.MyListener - The element -->By.cssSelector: .contact-item_card__2SOIMwas found
14:16:36 [Test worker] INFO  application.MyListener - Start find element by -->By.xpath: //button[.='Remove']
14:16:36 [Test worker] INFO  application.MyListener - The element -->By.xpath: //button[.='Remove']was found
14:16:38 [Test worker] INFO  application.MyListener - Start find element by -->By.cssSelector: .contact-item_card__2SOIM
14:16:48 [Test worker] INFO  application.MyListener - The element -->By.cssSelector: .contact-item_card__2SOIMwas found
14:16:48 [Test worker] INFO  application.MyListener - Start find element by -->By.cssSelector: .contact-item_card__2SOIM
14:16:58 [Test worker] INFO  application.MyListener - The element -->By.cssSelector: .contact-item_card__2SOIMwas found
14:16:58 [Test worker] INFO  tests.TestBase - End of method --> addContactTestBase
14:16:58 [Test worker] INFO  tests.TestBase - Start method  --> addContactTestCSV
14:16:58 [Test worker] INFO  application.MyListener - Start find element by -->By.xpath: //*[.='Sign Out']
14:16:58 [Test worker] INFO  application.MyListener - The element -->By.xpath: //*[.='Sign Out']was found
14:16:58 [Test worker] INFO  application.MyListener - Start find element by -->By.xpath: //a[.='ADD']
14:16:58 [Test worker] INFO  application.MyListener - The element -->By.xpath: //a[.='ADD']was found
14:16:58 [Test worker] INFO  application.MyListener - Start find element by -->By.cssSelector: [placeholder='Name']
14:16:58 [Test worker] INFO  application.MyListener - The element -->By.cssSelector: [placeholder='Name']was found
14:16:58 [Test worker] INFO  application.MyListener - Start find element by -->By.cssSelector: [placeholder='Last Name']
14:16:58 [Test worker] INFO  application.MyListener - The element -->By.cssSelector: [placeholder='Last Name']was found
14:16:58 [Test worker] INFO  application.MyListener - Start find element by -->By.cssSelector: [placeholder='Phone']
14:16:58 [Test worker] INFO  application.MyListener - The element -->By.cssSelector: [placeholder='Phone']was found
14:16:59 [Test worker] INFO  application.MyListener - Start find element by -->By.cssSelector: [placeholder='email']
14:16:59 [Test worker] INFO  application.MyListener - The element -->By.cssSelector: [placeholder='email']was found
14:16:59 [Test worker] INFO  application.MyListener - Start find element by -->By.cssSelector: [placeholder='Address']
14:16:59 [Test worker] INFO  application.MyListener - The element -->By.cssSelector: [placeholder='Address']was found
14:16:59 [Test worker] INFO  application.MyListener - Start find element by -->By.cssSelector: [placeholder='description']
14:16:59 [Test worker] INFO  application.MyListener - The element -->By.cssSelector: [placeholder='description']was found
14:16:59 [Test worker] INFO  application.MyListener - Start find element by -->By.xpath: //b[.='Save']
14:16:59 [Test worker] INFO  application.MyListener - The element -->By.xpath: //b[.='Save']was found
14:16:59 [Test worker] INFO  application.MyListener - Start find element by -->By.xpath: //h3
14:16:59 [Test worker] INFO  application.MyListener - The element -->By.xpath: //h3was found
123456101814:16:59 [Test worker] INFO  application.MyListener - Start find element by -->By.xpath: //a[.='ADD']
14:16:59 [Test worker] INFO  application.MyListener - The element -->By.xpath: //a[.='ADD']was found
14:16:59 [Test worker] INFO  application.MyListener - Start find element by -->By.cssSelector: [placeholder='Name']
14:16:59 [Test worker] INFO  application.MyListener - The element -->By.cssSelector: [placeholder='Name']was found
[...]
14:17:55 [Test worker] INFO  application.MyListener - The element -->By.xpath: //a[.='ADD']was found
14:17:55 [Test worker] INFO  application.MyListener - Start find element by -->By.cssSelector: [placeholder='Name']
14:17:55 [Test worker] INFO  application.MyListener - The element -->By.cssSelector: [placeholder='Name']was found
14:17:55 [Test worker] INFO  application.MyListener - Start find element by -->By.cssSelector: [placeholder='Last Name']
14:17:55 [Test worker] INFO  application.MyListener - The element -->By.cssSelector: [placeholder='Last Name']was found
14:17:55 [Test worker] INFO  application.MyListener - Start find element by -->By.cssSelector: [placeholder='Phone']
14:17:55 [Test worker] INFO  application.MyListener - The element -->By.cssSelector: [placeholder='Phone']was found
14:17:55 [Test worker] INFO  application.MyListener - Start find element by -->By.cssSelector: [placeholder='email']
14:17:55 [Test worker] INFO  application.MyListener - The element -->By.cssSelector: [placeholder='email']was found
14:17:55 [Test worker] INFO  application.MyListener - Start find element by -->By.cssSelector: [placeholder='Address']
14:17:55 [Test worker] INFO  application.MyListener - The element -->By.cssSelector: [placeholder='Address']was found
14:17:56 [Test worker] INFO  application.MyListener - Start find element by -->By.cssSelector: [placeholder='description']
14:17:56 [Test worker] INFO  application.MyListener - The element -->By.cssSelector: [placeholder='description']was found
14:17:56 [Test worker] INFO  application.MyListener - Start find element by -->By.xpath: //b[.='Save']
14:17:56 [Test worker] INFO  application.MyListener - The element -->By.xpath: //b[.='Save']was found
14:17:56 [Test worker] INFO  application.MyListener - Start find element by -->By.xpath: //h3
14:17:56 [Test worker] INFO  application.MyListener - The element -->By.xpath: //h3was found
kira11@gmail.com14:17:56 [Test worker] INFO  application.MyListener - Start find element by -->By.cssSelector: .contact-item_card__2SOIM
14:17:56 [Test worker] INFO  application.MyListener - The element -->By.cssSelector: .contact-item_card__2SOIMwas found
14:17:56 [Test worker] INFO  application.MyListener - Start find element by -->By.cssSelector: .contact-item_card__2SOIM
14:17:56 [Test worker] INFO  application.MyListener - The element -->By.cssSelector: .contact-item_card__2SOIMwas found
14:17:56 [Test worker] INFO  application.MyListener - Start find element by -->By.cssSelector: .contact-item_card__2SOIM
14:17:56 [Test worker] INFO  application.MyListener - The element -->By.cssSelector: .contact-item_card__2SOIMwas found
14:17:56 [Test worker] INFO  application.MyListener - Start find element by -->By.cssSelector: .contact-item_card__2SOIM
14:17:56 [Test worker] INFO  application.MyListener - The element -->By.cssSelector: .contact-item_card__2SOIMwas found
14:17:56 [Test worker] INFO  application.MyListener - Start find element by -->By.xpath: //button[.='Remove']
14:17:56 [Test worker] INFO  application.MyListener - The element -->By.xpath: //button[.='Remove']was found
14:17:58 [Test worker] INFO  application.MyListener - Start find element by -->By.cssSelector: .contact-item_card__2SOIM
14:17:58 [Test worker] INFO  application.MyListener - The element -->By.cssSelector: .contact-item_card__2SOIMwas found
14:17:58 [Test worker] INFO  application.MyListener - Start find element by -->By.cssSelector: .contact-item_card__2SOIM
14:17:58 [Test worker] INFO  application.MyListener - The element -->By.cssSelector: .contact-item_card__2SOIMwas found
14:17:58 [Test worker] INFO  application.MyListener - Start find element by -->By.cssSelector: .contact-item_card__2SOIM
14:17:58 [Test worker] INFO  application.MyListener - The element -->By.cssSelector: .contact-item_card__2SOIMwas found
14:17:58 [Test worker] INFO  application.MyListener - Start find element by -->By.cssSelector: .contact-item_card__2SOIM
14:17:58 [Test worker] INFO  application.MyListener - The element -->By.cssSelector: .contact-item_card__2SOIMwas found
14:17:58 [Test worker] INFO  application.MyListener - Start find element by -->By.xpath: //button[.='Remove']
14:17:58 [Test worker] INFO  application.MyListener - The element -->By.xpath: //button[.='Remove']was found
14:18:00 [Test worker] INFO  application.MyListener - Start find element by -->By.cssSelector: .contact-item_card__2SOIM
14:18:11 [Test worker] INFO  application.MyListener - The element -->By.cssSelector: .contact-item_card__2SOIMwas found
14:18:11 [Test worker] INFO  application.MyListener - Start find element by -->By.cssSelector: .contact-item_card__2SOIM
14:18:21 [Test worker] INFO  application.MyListener - The element -->By.cssSelector: .contact-item_card__2SOIMwas found
14:18:21 [Test worker] INFO  tests.TestBase - End of method --> addContactTestDataProvider
14:18:21 [Test worker] INFO  tests.TestBase - Start method  --> addContactTestDataProvider
14:18:21 [Test worker] INFO  application.MyListener - Start find element by -->By.xpath: //*[.='Sign Out']
14:18:21 [Test worker] INFO  application.MyListener - The element -->By.xpath: //*[.='Sign Out']was found
14:18:21 [Test worker] INFO  application.MyListener - Start find element by -->By.xpath: //a[.='ADD']
14:18:21 [Test worker] INFO  application.MyListener - The element -->By.xpath: //a[.='ADD']was found
14:18:21 [Test worker] INFO  application.MyListener - Start find element by -->By.cssSelector: [placeholder='Name']
14:18:21 [Test worker] INFO  application.MyListener - The element -->By.cssSelector: [placeholder='Name']was found
14:18:21 [Test worker] INFO  application.MyListener - Start find element by -->By.cssSelector: [placeholder='Last Name']
14:18:21 [Test worker] INFO  application.MyListener - The element -->By.cssSelector: [placeholder='Last Name']was found
14:18:21 [Test worker] INFO  application.MyListener - Start find element by -->By.cssSelector: [placeholder='Phone']
14:18:21 [Test worker] INFO  application.MyListener - The element -->By.cssSelector: [placeholder='Phone']was found
14:18:21 [Test worker] INFO  application.MyListener - Start find element by -->By.cssSelector: [placeholder='email']
14:18:21 [Test worker] INFO  application.MyListener - The element -->By.cssSelector: [placeholder='email']was found
14:18:21 [Test worker] INFO  application.MyListener - Start find element by -->By.cssSelector: [placeholder='Address']
14:18:21 [Test worker] INFO  application.MyListener - The element -->By.cssSelector: [placeholder='Address']was found
14:18:21 [Test worker] INFO  application.MyListener - Start find element by -->By.cssSelector: [placeholder='description']
14:18:21 [Test worker] INFO  application.MyListener - The element -->By.cssSelector: [placeholder='description']was found
14:18:22 [Test worker] INFO  application.MyListener - Start find element by -->By.xpath: //b[.='Save']
14:18:22 [Test worker] INFO  application.MyListener - The element -->By.xpath: //b[.='Save']was found
14:18:22 [Test worker] INFO  application.MyListener - Start find element by -->By.xpath: //h3
14:18:22 [Test worker] INFO  application.MyListener - The element -->By.xpath: //h3was found
123456110114:18:22 [Test worker] INFO  application.MyListener - Start find element by -->By.xpath: //a[.='ADD']
14:18:22 [Test worker] INFO  application.MyListener - The element -->By.xpath: //a[.='ADD']was found
14:18:22 [Test worker] INFO  application.MyListener - Start find element by -->By.cssSelector: [placeholder='Name']
14:18:22 [Test worker] INFO  application.MyListener - The element -->By.cssSelector: [placeholder='Name']was found
14:18:22 [Test worker] INFO  application.MyListener - Start find element by -->By.cssSelector: [placeholder='Last Name']
14:18:22 [Test worker] INFO  application.MyListener - The element -->By.cssSelector: [placeholder='Last Name']was found
14:18:22 [Test worker] INFO  application.MyListener - Start find element by -->By.cssSelector: [placeholder='Phone']
14:18:22 [Test worker] INFO  application.MyListener - The element -->By.cssSelector: [placeholder='Phone']was found
14:18:22 [Test worker] INFO  application.MyListener - Start find element by -->By.cssSelector: [placeholder='email']
14:18:22 [Test worker] INFO  application.MyListener - The element -->By.cssSelector: [placeholder='email']was found
14:18:23 [Test worker] INFO  application.MyListener - Start find element by -->By.cssSelector: [placeholder='Address']
14:18:23 [Test worker] INFO  application.MyListener - The element -->By.cssSelector: [placeholder='Address']was found
14:18:23 [Test worker] INFO  application.MyListener - Start find element by -->By.cssSelector: [placeholder='description']
14:18:23 [Test worker] INFO  application.MyListener - The element -->By.cssSelector: [placeholder='description']was found
14:18:23 [Test worker] INFO  application.MyListener - Start find element by -->By.xpath: //b[.='Save']
14:18:23 [Test worker] INFO  application.MyListener - The element -->By.xpath: //b[.='Save']was found
14:18:23 [Test worker] INFO  application.MyListener - Start find element by -->By.xpath: //h3
14:18:23 [Test worker] INFO  application.MyListener - The element -->By.xpath: //h3was found
kira12@gmail.com14:18:23 [Test worker] INFO  application.MyListener - Start find element by -->By.cssSelector: .contact-item_card__2SOIM
14:18:23 [Test worker] INFO  application.MyListener - The element -->By.cssSelector: .contact-item_card__2SOIMwas found
14:18:23 [Test worker] INFO  application.MyListener - Start find element by -->By.cssSelector: .contact-item_card__2SOIM
14:18:23 [Test worker] INFO  application.MyListener - The element -->By.cssSelector: .contact-item_card__2SOIMwas found
14:18:23 [Test worker] INFO  application.MyListener - Start find element by -->By.cssSelector: .contact-item_card__2SOIM
14:18:23 [Test worker] INFO  application.MyListener - The element -->By.cssSelector: .contact-item_card__2SOIMwas found
14:18:23 [Test worker] INFO  application.MyListener - Start find element by -->By.cssSelector: .contact-item_card__2SOIM
14:18:23 [Test worker] INFO  application.MyListener - The element -->By.cssSelector: .contact-item_card__2SOIMwas found
14:18:23 [Test worker] INFO  application.MyListener - Start find element by -->By.xpath: //button[.='Remove']
14:18:23 [Test worker] INFO  application.MyListener - The element -->By.xpath: //button[.='Remove']was found
14:18:25 [Test worker] INFO  application.MyListener - Start find element by -->By.cssSelector: .contact-item_card__2SOIM
14:18:25 [Test worker] INFO  application.MyListener - The element -->By.cssSelector: .contact-item_card__2SOIMwas found
14:18:25 [Test worker] INFO  application.MyListener - Start find element by -->By.cssSelector: .contact-item_card__2SOIM
14:18:25 [Test worker] INFO  application.MyListener - The element -->By.cssSelector: .contact-item_card__2SOIMwas found
14:18:25 [Test worker] INFO  application.MyListener - Start find element by -->By.cssSelector: .contact-item_card__2SOIM
14:18:25 [Test worker] INFO  application.MyListener - The element -->By.cssSelector: .contact-item_card__2SOIMwas found
14:18:25 [Test worker] INFO  application.MyListener - Start find element by -->By.cssSelector: .contact-item_card__2SOIM
14:18:26 [Test worker] INFO  application.MyListener - The element -->By.cssSelector: .contact-item_card__2SOIMwas found
14:18:26 [Test worker] INFO  application.MyListener - Start find element by -->By.xpath: //button[.='Remove']
14:18:26 [Test worker] INFO  application.MyListener - The element -->By.xpath: //button[.='Remove']was found
14:18:28 [Test worker] INFO  application.MyListener - Start find element by -->By.cssSelector: .contact-item_card__2SOIM
14:18:38 [Test worker] INFO  application.MyListener - The element -->By.cssSelector: .contact-item_card__2SOIMwas found
14:18:38 [Test worker] INFO  application.MyListener - Start find element by -->By.cssSelector: .contact-item_card__2SOIM
14:18:48 [Test worker] INFO  application.MyListener - The element -->By.cssSelector: .contact-item_card__2SOIMwas found
14:18:48 [Test worker] INFO  tests.TestBase - End of method --> addContactTestDataProvider
14:18:48 [Test worker] INFO  tests.TestBase - Start method  --> addContactTestDataProvider
14:18:48 [Test worker] INFO  application.MyListener - Start find element by -->By.xpath: //*[.='Sign Out']
14:18:48 [Test worker] INFO  application.MyListener - The element -->By.xpath: //*[.='Sign Out']was found
14:18:48 [Test worker] INFO  application.MyListener - Start find element by -->By.xpath: //a[.='ADD']
14:18:48 [Test worker] INFO  application.MyListener - The element -->By.xpath: //a[.='ADD']was found
14:18:48 [Test worker] INFO  application.MyListener - Start find element by -->By.cssSelector: [placeholder='Name']
14:18:48 [Test worker] INFO  application.MyListener - The element -->By.cssSelector: [placeholder='Name']was found
14:18:48 [Test worker] INFO  application.MyListener - Start find element by -->By.cssSelector: [placeholder='Last Name']
14:18:48 [Test worker] INFO  application.MyListener - The element -->By.cssSelector: [placeholder='Last Name']was found
14:18:48 [Test worker] INFO  application.MyListener - Start find element by -->By.cssSelector: [placeholder='Phone']
14:18:48 [Test worker] INFO  application.MyListener - The element -->By.cssSelector: [placeholder='Phone']was found
14:18:48 [Test worker] INFO  application.MyListener - Start find element by -->By.cssSelector: [placeholder='email']
14:18:48 [Test worker] INFO  application.MyListener - The element -->By.cssSelector: [placeholder='email']was found
14:18:48 [Test worker] INFO  application.MyListener - Start find element by -->By.cssSelector: [placeholder='Address']
14:18:48 [Test worker] INFO  application.MyListener - The element -->By.cssSelector: [placeholder='Address']was found
14:18:49 [Test worker] INFO  application.MyListener - Start find element by -->By.cssSelector: [placeholder='description']
14:18:49 [Test worker] INFO  application.MyListener - The element -->By.cssSelector: [placeholder='description']was found
14:18:49 [Test worker] INFO  application.MyListener - Start find element by -->By.xpath: //b[.='Save']
14:18:49 [Test worker] INFO  application.MyListener - The element -->By.xpath: //b[.='Save']was found
14:18:49 [Test worker] INFO  application.MyListener - Start find element by -->By.xpath: //h3
14:18:49 [Test worker] INFO  application.MyListener - The element -->By.xpath: //h3was found
123456112814:18:49 [Test worker] INFO  application.MyListener - Start find element by -->By.xpath: //a[.='ADD']
14:18:49 [Test worker] INFO  application.MyListener - The element -->By.xpath: //a[.='ADD']was found
14:18:49 [Test worker] INFO  application.MyListener - Start find element by -->By.cssSelector: [placeholder='Name']
14:18:49 [Test worker] INFO  application.MyListener - The element -->By.cssSelector: [placeholder='Name']was found
14:18:49 [Test worker] INFO  application.MyListener - Start find element by -->By.cssSelector: [placeholder='Last Name']
14:18:49 [Test worker] INFO  application.MyListener - The element -->By.cssSelector: [placeholder='Last Name']was found
14:18:49 [Test worker] INFO  application.MyListener - Start find element by -->By.cssSelector: [placeholder='Phone']
14:18:49 [Test worker] INFO  application.MyListener - The element -->By.cssSelector: [placeholder='Phone']was found
14:18:50 [Test worker] INFO  application.MyListener - Start find element by -->By.cssSelector: [placeholder='email']
14:18:50 [Test worker] INFO  application.MyListener - The element -->By.cssSelector: [placeholder='email']was found
14:18:50 [Test worker] INFO  application.MyListener - Start find element by -->By.cssSelector: [placeholder='Address']
14:18:50 [Test worker] INFO  application.MyListener - The element -->By.cssSelector: [placeholder='Address']was found
14:18:50 [Test worker] INFO  application.MyListener - Start find element by -->By.cssSelector: [placeholder='description']
14:18:50 [Test worker] INFO  application.MyListener - The element -->By.cssSelector: [placeholder='description']was found
14:18:50 [Test worker] INFO  application.MyListener - Start find element by -->By.xpath: //b[.='Save']
14:18:50 [Test worker] INFO  application.MyListener - The element -->By.xpath: //b[.='Save']was found
14:18:50 [Test worker] INFO  application.MyListener - Start find element by -->By.xpath: //h3
14:18:50 [Test worker] INFO  application.MyListener - The element -->By.xpath: //h3was found
kira13@gmail.com14:18:50 [Test worker] INFO  application.MyListener - Start find element by -->By.cssSelector: .contact-item_card__2SOIM
14:18:50 [Test worker] INFO  application.MyListener - The element -->By.cssSelector: .contact-item_card__2SOIMwas found
14:18:50 [Test worker] INFO  application.MyListener - Start find element by -->By.cssSelector: .contact-item_card__2SOIM
14:18:51 [Test worker] INFO  application.MyListener - The element -->By.cssSelector: .contact-item_card__2SOIMwas found
14:18:51 [Test worker] INFO  application.MyListener - Start find element by -->By.cssSelector: .contact-item_card__2SOIM
14:18:51 [Test worker] INFO  application.MyListener - The element -->By.cssSelector: .contact-item_card__2SOIMwas found
14:18:51 [Test worker] INFO  application.MyListener - Start find element by -->By.cssSelector: .contact-item_card__2SOIM
14:18:51 [Test worker] INFO  application.MyListener - The element -->By.cssSelector: .contact-item_card__2SOIMwas found
14:18:51 [Test worker] INFO  application.MyListener - Start find element by -->By.xpath: //button[.='Remove']
14:18:51 [Test worker] INFO  application.MyListener - The element -->By.xpath: //button[.='Remove']was found
14:18:53 [Test worker] INFO  application.MyListener - Start find element by -->By.cssSelector: .contact-item_card__2SOIM
14:18:53 [Test worker] INFO  application.MyListener - The element -->By.cssSelector: .contact-item_card__2SOIMwas found
14:18:53 [Test worker] INFO  application.MyListener - Start find element by -->By.cssSelector: .contact-item_card__2SOIM
14:18:53 [Test worker] INFO  application.MyListener - The element -->By.cssSelector: .contact-item_card__2SOIMwas found
14:18:53 [Test worker] INFO  application.MyListener - Start find element by -->By.cssSelector: .contact-item_card__2SOIM
14:18:53 [Test worker] INFO  application.MyListener - The element -->By.cssSelector: .contact-item_card__2SOIMwas found
14:18:53 [Test worker] INFO  application.MyListener - Start find element by -->By.cssSelector: .contact-item_card__2SOIM
14:18:53 [Test worker] INFO  application.MyListener - The element -->By.cssSelector: .contact-item_card__2SOIMwas found
14:18:53 [Test worker] INFO  application.MyListener - Start find element by -->By.xpath: //button[.='Remove']
14:18:53 [Test worker] INFO  application.MyListener - The element -->By.xpath: //button[.='Remove']was found
14:18:55 [Test worker] INFO  application.MyListener - Start find element by -->By.cssSelector: .contact-item_card__2SOIM
14:19:05 [Test worker] INFO  application.MyListener - The element -->By.cssSelector: .contact-item_card__2SOIMwas found
14:19:05 [Test worker] INFO  application.MyListener - Start find element by -->By.cssSelector: .contact-item_card__2SOIM
14:19:15 [Test worker] INFO  application.MyListener - The element -->By.cssSelector: .contact-item_card__2SOIMwas found
14:19:15 [Test worker] INFO  tests.TestBase - End of method --> addContactTestDataProvider
]]></system-out>
  <system-err><![CDATA[Starting ChromeDriver 92.0.4515.107 (87a818b10553a07434ea9e2b6dccf3cbe7895134-refs/branch-heads/4515@{#1634}) on port 31668
Only local connections are allowed.
Please see https://chromedriver.chromium.org/security-considerations for suggestions on keeping ChromeDriver safe.
ChromeDriver was started successfully.
Aug 20, 2021 2:12:38 PM org.openqa.selenium.remote.ProtocolHandshake createSession
INFO: Detected dialect: W3C
]]></system-err>
</testsuite>
